Using pre-set license
Built from '2020.3/release' branch; Version is '2020.3.7f1 (dd97f2c94397) revision 14522354'; Using compiler version '192528614'; Build Type 'Release'
OS: 'Windows 10 Home; OS build 19044.1706; Version 2009; 64bit' Language: 'tr' Physical Memory: 16320 MB
BatchMode: 1, IsHumanControllingUs: 0, StartBugReporterOnCrash: 0, Is64bit: 1, IsPro: 0

 COMMAND LINE ARGUMENTS:
C:\Program Files\Unity\Hub\Editor\2020.3.7f1\Editor\Unity.exe
-adb2
-batchMode
-noUpm
-name
AssetImportWorker0
-projectPath
D:/DungeonPillager/DungeonPillager
-logFile
Logs/AssetImportWorker0.log
-srvPort
56831
Successfully changed project path to: D:/DungeonPillager/DungeonPillager
D:/DungeonPillager/DungeonPillager
Using Asset Import Pipeline V2.
Refreshing native plugins compatible for Editor in 30.11 ms, found 0 plugins.
Preloading 0 native plugins for Editor in 0.00 ms.
Initialize engine version: 2020.3.7f1 (dd97f2c94397)
[Subsystems] Discovering subsystems at path C:/Program Files/Unity/Hub/Editor/2020.3.7f1/Editor/Data/Resources/UnitySubsystems
[Subsystems] Discovering subsystems at path D:/DungeonPillager/DungeonPillager/Assets
GfxDevice: creating device client; threaded=0
Direct3D:
    Version:  Direct3D 11.0 [level 11.1]
    Renderer: NVIDIA GeForce GTX 1070 (ID=0x1b81)
    Vendor:   
    VRAM:     8088 MB
    Driver:   30.0.15.1259
Initialize mono
Mono path[0] = 'C:/Program Files/Unity/Hub/Editor/2020.3.7f1/Editor/Data/Managed'
Mono path[1] = 'C:/Program Files/Unity/Hub/Editor/2020.3.7f1/Editor/Data/MonoBleedingEdge/lib/mono/unityjit'
Mono config path = 'C:/Program Files/Unity/Hub/Editor/2020.3.7f1/Editor/Data/MonoBleedingEdge/etc'
Using monoOptions --debugger-agent=transport=dt_socket,embedding=1,server=y,suspend=n,address=127.0.0.1:56100
Begin MonoManager ReloadAssembly
Registering precompiled unity dll's ...
Register platform support module: C:/Program Files/Unity/Hub/Editor/2020.3.7f1/Editor/Data/PlaybackEngines/WebGLSupport/UnityEditor.WebGL.Extensions.dll
Register platform support module: C:/Program Files/Unity/Hub/Editor/2020.3.7f1/Editor/Data/PlaybackEngines/MacStandaloneSupport/UnityEditor.OSXStandalone.Extensions.dll
Register platform support module: C:/Program Files/Unity/Hub/Editor/2020.3.7f1/Editor/Data/PlaybackEngines/WindowsStandaloneSupport/UnityEditor.WindowsStandalone.Extensions.dll
Registered in 0.003459 seconds.
Native extension for WindowsStandalone target not found
Native extension for OSXStandalone target not found
Native extension for WebGL target not found
Refreshing native plugins compatible for Editor in 34.56 ms, found 0 plugins.
Preloading 0 native plugins for Editor in 0.00 ms.
Mono: successfully reloaded assembly
- Completed reload, in  4.253 seconds
Platform modules already initialized, skipping
Registering precompiled user dll's ...
Registered in 0.000687 seconds.
Begin MonoManager ReloadAssembly
Native extension for WindowsStandalone target not found
Native extension for OSXStandalone target not found
Native extension for WebGL target not found
Refreshing native plugins compatible for Editor in 0.29 ms, found 0 plugins.
Preloading 0 native plugins for Editor in 0.00 ms.
Mono: successfully reloaded assembly
- Completed reload, in  1.025 seconds
Platform modules already initialized, skipping
========================================================================
Worker process is ready to serve import requests
Launched and connected shader compiler UnityShaderCompiler.exe after 0.05 seconds
Refreshing native plugins compatible for Editor in 0.25 ms, found 0 plugins.
Preloading 0 native plugins for Editor in 0.00 ms.
Unloading 1271 Unused Serialized files (Serialized files now loaded: 0)
System memory in use before: 63.0 MB.
System memory in use after: 63.0 MB.

Unloading 11 unused Assets to reduce memory usage. Loaded Objects now: 1716.
Total: 1.915500 ms (FindLiveObjects: 0.172900 ms CreateObjectMapping: 0.034700 ms MarkObjects: 1.625900 ms  DeleteObjects: 0.080800 ms)

========================================================================
Received Import Request.
  path: Assets/Dungeon Backround/Prefabs/Diken_Duvar.prefab
  artifactKey: Guid(49a86df854a66ef4ab65e5e98530861a) Importer(815301076,1909f56bfc062723c751e8b465ee728b)
Start importing Assets/Dungeon Backround/Prefabs/Diken_Duvar.prefab using Guid(49a86df854a66ef4ab65e5e98530861a) Importer(815301076,1909f56bfc062723c751e8b465ee728b)  -> (artifact id: '6db53b79a143fa019a2e1b96f4e18b66') in 0.221115 seconds
  Import took 0.223518 seconds .

========================================================================
Received Import Request.
  Time since last request: 7.327889 seconds.
  path: Assets/Dungeon Backround/Prefabs/Diken_Duvar.prefab
  artifactKey: Guid(49a86df854a66ef4ab65e5e98530861a) Importer(815301076,1909f56bfc062723c751e8b465ee728b)
Start importing Assets/Dungeon Backround/Prefabs/Diken_Duvar.prefab using Guid(49a86df854a66ef4ab65e5e98530861a) Importer(815301076,1909f56bfc062723c751e8b465ee728b)  -> (artifact id: '7894ebd496bfad9d868a0f7c820ceedb') in 0.081676 seconds
  Import took 0.084280 seconds .

========================================================================
Received Prepare
Registering precompiled user dll's ...
Registered in 0.000589 seconds.
Begin MonoManager ReloadAssembly
Native extension for WindowsStandalone target not found
Native extension for OSXStandalone target not found
Native extension for WebGL target not found
Refreshing native plugins compatible for Editor in 0.31 ms, found 0 plugins.
Preloading 0 native plugins for Editor in 0.00 ms.
Mono: successfully reloaded assembly
- Completed reload, in  0.933 seconds
Platform modules already initialized, skipping
Switching build target platform(5) subTarget(0) extendedPlatform(0) -> platform(13) subTarget(537395200) extendedPlatform(0)
Refreshing native plugins compatible for Editor in 0.24 ms, found 0 plugins.
Preloading 0 native plugins for Editor in 0.00 ms.
Unloading 1267 Unused Serialized files (Serialized files now loaded: 0)
System memory in use before: 65.9 MB.
System memory in use after: 65.9 MB.

Unloading 6 unused Assets to reduce memory usage. Loaded Objects now: 1726.
Total: 1.710500 ms (FindLiveObjects: 0.146100 ms CreateObjectMapping: 0.032700 ms MarkObjects: 1.478000 ms  DeleteObjects: 0.052900 ms)

AssetImportParameters requested are different than current active one (requested -> active):
  custom:graphics/normal-map-encoding: 01000000000000000000000000000000 -> 02000000000000000000000000000000
========================================================================
Received Prepare
Registering precompiled user dll's ...
Registered in 0.000586 seconds.
Begin MonoManager ReloadAssembly
Native extension for WindowsStandalone target not found
Native extension for OSXStandalone target not found
Native extension for WebGL target not found
Refreshing native plugins compatible for Editor in 0.24 ms, found 0 plugins.
Preloading 0 native plugins for Editor in 0.00 ms.
Mono: successfully reloaded assembly
- Completed reload, in  0.916 seconds
Platform modules already initialized, skipping
Switching build target platform(5) subTarget(0) extendedPlatform(0) -> platform(13) subTarget(537395200) extendedPlatform(0)
Refreshing native plugins compatible for Editor in 0.24 ms, found 0 plugins.
Preloading 0 native plugins for Editor in 0.00 ms.
Unloading 1267 Unused Serialized files (Serialized files now loaded: 0)
System memory in use before: 65.9 MB.
System memory in use after: 66.0 MB.

Unloading 6 unused Assets to reduce memory usage. Loaded Objects now: 1729.
Total: 1.859300 ms (FindLiveObjects: 0.164900 ms CreateObjectMapping: 0.032600 ms MarkObjects: 1.601300 ms  DeleteObjects: 0.059600 ms)

AssetImportParameters requested are different than current active one (requested -> active):
  custom:graphics/normal-map-encoding: 01000000000000000000000000000000 -> 02000000000000000000000000000000
========================================================================
Received Import Request.
  Time since last request: 313.998234 seconds.
  path: Assets/Dungeon Backround/Models/freeDungeon.fbx
  artifactKey: Guid(a337bdcf778631a498644d4fcca86400) Importer(815301076,1909f56bfc062723c751e8b465ee728b)
Start importing Assets/Dungeon Backround/Models/freeDungeon.fbx using Guid(a337bdcf778631a498644d4fcca86400) Importer(815301076,1909f56bfc062723c751e8b465ee728b)  -> (artifact id: 'd427765c7ea6c849aff5a050bd320fab') in 0.187716 seconds
  Import took 0.190341 seconds .

========================================================================
Received Import Request.
  Time since last request: 0.003585 seconds.
  path: Assets/Dungeon Backround/Models/freeDungeon.fbx
  artifactKey: Guid(a337bdcf778631a498644d4fcca86400) Importer(815301076,1909f56bfc062723c751e8b465ee728b)
Start importing Assets/Dungeon Backround/Models/freeDungeon.fbx using Guid(a337bdcf778631a498644d4fcca86400) Importer(815301076,1909f56bfc062723c751e8b465ee728b)  -> (artifact id: 'd427765c7ea6c849aff5a050bd320fab') in 0.100603 seconds
  Import took 0.102980 seconds .

========================================================================
Received Import Request.
  Time since last request: 73.424276 seconds.
  path: ProjectSettings/TagManager.asset
  artifactKey: Guid(00000000000000003000000000000000) Importer(815301076,1909f56bfc062723c751e8b465ee728b)
Start importing ProjectSettings/TagManager.asset using Guid(00000000000000003000000000000000) Importer(815301076,1909f56bfc062723c751e8b465ee728b)  -> (artifact id: '43f36da2ee112f6cb31aada68f197758') in 0.011890 seconds
  Import took 0.014195 seconds .

========================================================================
Received Import Request.
  Time since last request: 41.571551 seconds.
  path: Assets/Scripts/GameOver.cs
  artifactKey: Guid(adb21526250f9fa4084910f589ee1962) Importer(815301076,1909f56bfc062723c751e8b465ee728b)
Start importing Assets/Scripts/GameOver.cs using Guid(adb21526250f9fa4084910f589ee1962) Importer(815301076,1909f56bfc062723c751e8b465ee728b)  -> (artifact id: '699a4a6ebeff843d28749eba73df69cf') in 0.013031 seconds
  Import took 0.015703 seconds .

========================================================================
Received Prepare
Registering precompiled user dll's ...
Registered in 0.000568 seconds.
Begin MonoManager ReloadAssembly
Native extension for WindowsStandalone target not found
Native extension for OSXStandalone target not found
Native extension for WebGL target not found
Refreshing native plugins compatible for Editor in 0.25 ms, found 0 plugins.
Preloading 0 native plugins for Editor in 0.00 ms.
Mono: successfully reloaded assembly
- Completed reload, in  0.952 seconds
Platform modules already initialized, skipping
Switching build target platform(5) subTarget(0) extendedPlatform(0) -> platform(13) subTarget(537395200) extendedPlatform(0)
Refreshing native plugins compatible for Editor in 0.24 ms, found 0 plugins.
Preloading 0 native plugins for Editor in 0.00 ms.
Unloading 1267 Unused Serialized files (Serialized files now loaded: 0)
System memory in use before: 66.1 MB.
System memory in use after: 66.2 MB.

Unloading 7 unused Assets to reduce memory usage. Loaded Objects now: 1736.
Total: 1.834000 ms (FindLiveObjects: 0.159000 ms CreateObjectMapping: 0.032300 ms MarkObjects: 1.585800 ms  DeleteObjects: 0.055700 ms)

AssetImportParameters requested are different than current active one (requested -> active):
  custom:graphics/normal-map-encoding: 01000000000000000000000000000000 -> 02000000000000000000000000000000
========================================================================
Received Import Request.
  Time since last request: 81.190708 seconds.
  path: Assets/Scripts/GameOver.cs
  artifactKey: Guid(adb21526250f9fa4084910f589ee1962) Importer(815301076,1909f56bfc062723c751e8b465ee728b)
Start importing Assets/Scripts/GameOver.cs using Guid(adb21526250f9fa4084910f589ee1962) Importer(815301076,1909f56bfc062723c751e8b465ee728b)  -> (artifact id: '360f94d57bf75331a82e9615d4838f68') in 0.004517 seconds
  Import took 0.006552 seconds .

========================================================================
Received Import Request.
  Time since last request: 2.163295 seconds.
  path: Assets/Scripts/GameOver.cs
  artifactKey: Guid(adb21526250f9fa4084910f589ee1962) Importer(815301076,1909f56bfc062723c751e8b465ee728b)
Start importing Assets/Scripts/GameOver.cs using Guid(adb21526250f9fa4084910f589ee1962) Importer(815301076,1909f56bfc062723c751e8b465ee728b)  -> (artifact id: '360f94d57bf75331a82e9615d4838f68') in 0.003621 seconds
  Import took 0.005841 seconds .

========================================================================
Received Prepare
Registering precompiled user dll's ...
Registered in 0.000628 seconds.
Begin MonoManager ReloadAssembly
Native extension for WindowsStandalone target not found
Native extension for OSXStandalone target not found
Native extension for WebGL target not found
Refreshing native plugins compatible for Editor in 0.25 ms, found 0 plugins.
Preloading 0 native plugins for Editor in 0.00 ms.
Mono: successfully reloaded assembly
- Completed reload, in  0.981 seconds
Platform modules already initialized, skipping
Switching build target platform(5) subTarget(0) extendedPlatform(0) -> platform(13) subTarget(537395200) extendedPlatform(0)
Refreshing native plugins compatible for Editor in 0.30 ms, found 0 plugins.
Preloading 0 native plugins for Editor in 0.00 ms.
Unloading 1267 Unused Serialized files (Serialized files now loaded: 0)
System memory in use before: 66.1 MB.
System memory in use after: 66.2 MB.

Unloading 6 unused Assets to reduce memory usage. Loaded Objects now: 1739.
Total: 2.025100 ms (FindLiveObjects: 0.154900 ms CreateObjectMapping: 0.032500 ms MarkObjects: 1.784400 ms  DeleteObjects: 0.051800 ms)

AssetImportParameters requested are different than current active one (requested -> active):
  custom:graphics/normal-map-encoding: 01000000000000000000000000000000 -> 02000000000000000000000000000000
========================================================================
Received Prepare
Registering precompiled user dll's ...
Registered in 0.000606 seconds.
Begin MonoManager ReloadAssembly
Native extension for WindowsStandalone target not found
Native extension for OSXStandalone target not found
Native extension for WebGL target not found
Refreshing native plugins compatible for Editor in 0.33 ms, found 0 plugins.
Preloading 0 native plugins for Editor in 0.00 ms.
Mono: successfully reloaded assembly
- Completed reload, in  0.961 seconds
Platform modules already initialized, skipping
Switching build target platform(5) subTarget(0) extendedPlatform(0) -> platform(13) subTarget(537395200) extendedPlatform(0)
Refreshing native plugins compatible for Editor in 0.26 ms, found 0 plugins.
Preloading 0 native plugins for Editor in 0.00 ms.
Unloading 1267 Unused Serialized files (Serialized files now loaded: 0)
System memory in use before: 66.1 MB.
System memory in use after: 66.2 MB.

Unloading 6 unused Assets to reduce memory usage. Loaded Objects now: 1742.
Total: 1.783000 ms (FindLiveObjects: 0.163600 ms CreateObjectMapping: 0.033600 ms MarkObjects: 1.536100 ms  DeleteObjects: 0.048800 ms)

AssetImportParameters requested are different than current active one (requested -> active):
  custom:graphics/normal-map-encoding: 01000000000000000000000000000000 -> 02000000000000000000000000000000
========================================================================
Received Prepare
Registering precompiled user dll's ...
Registered in 0.000637 seconds.
Begin MonoManager ReloadAssembly
Native extension for WindowsStandalone target not found
Native extension for OSXStandalone target not found
Native extension for WebGL target not found
Refreshing native plugins compatible for Editor in 0.26 ms, found 0 plugins.
Preloading 0 native plugins for Editor in 0.00 ms.
Mono: successfully reloaded assembly
- Completed reload, in  0.948 seconds
Platform modules already initialized, skipping
Switching build target platform(5) subTarget(0) extendedPlatform(0) -> platform(13) subTarget(537395200) extendedPlatform(0)
Refreshing native plugins compatible for Editor in 0.24 ms, found 0 plugins.
Preloading 0 native plugins for Editor in 0.00 ms.
Unloading 1267 Unused Serialized files (Serialized files now loaded: 0)
System memory in use before: 66.1 MB.
System memory in use after: 66.2 MB.

Unloading 6 unused Assets to reduce memory usage. Loaded Objects now: 1745.
Total: 1.755800 ms (FindLiveObjects: 0.165600 ms CreateObjectMapping: 0.032500 ms MarkObjects: 1.502100 ms  DeleteObjects: 0.054500 ms)

AssetImportParameters requested are different than current active one (requested -> active):
  custom:graphics/normal-map-encoding: 01000000000000000000000000000000 -> 02000000000000000000000000000000
========================================================================
Received Prepare
Registering precompiled user dll's ...
Registered in 0.000637 seconds.
Begin MonoManager ReloadAssembly
Native extension for WindowsStandalone target not found
Native extension for OSXStandalone target not found
Native extension for WebGL target not found
Refreshing native plugins compatible for Editor in 0.24 ms, found 0 plugins.
Preloading 0 native plugins for Editor in 0.00 ms.
Mono: successfully reloaded assembly
- Completed reload, in  0.946 seconds
Platform modules already initialized, skipping
Switching build target platform(5) subTarget(0) extendedPlatform(0) -> platform(13) subTarget(537395200) extendedPlatform(0)
Refreshing native plugins compatible for Editor in 0.24 ms, found 0 plugins.
Preloading 0 native plugins for Editor in 0.00 ms.
Unloading 1267 Unused Serialized files (Serialized files now loaded: 0)
System memory in use before: 66.1 MB.
System memory in use after: 66.2 MB.

Unloading 6 unused Assets to reduce memory usage. Loaded Objects now: 1748.
Total: 1.926300 ms (FindLiveObjects: 0.185400 ms CreateObjectMapping: 0.032500 ms MarkObjects: 1.641800 ms  DeleteObjects: 0.065200 ms)

AssetImportParameters requested are different than current active one (requested -> active):
  custom:graphics/normal-map-encoding: 01000000000000000000000000000000 -> 02000000000000000000000000000000
========================================================================
Received Prepare
Registering precompiled user dll's ...
Registered in 0.000660 seconds.
Begin MonoManager ReloadAssembly
Native extension for WindowsStandalone target not found
Native extension for OSXStandalone target not found
Native extension for WebGL target not found
Refreshing native plugins compatible for Editor in 0.30 ms, found 0 plugins.
Preloading 0 native plugins for Editor in 0.00 ms.
Mono: successfully reloaded assembly
- Completed reload, in  1.009 seconds
Platform modules already initialized, skipping
Switching build target platform(5) subTarget(0) extendedPlatform(0) -> platform(13) subTarget(537395200) extendedPlatform(0)
Refreshing native plugins compatible for Editor in 0.24 ms, found 0 plugins.
Preloading 0 native plugins for Editor in 0.00 ms.
Unloading 1267 Unused Serialized files (Serialized files now loaded: 0)
System memory in use before: 66.2 MB.
System memory in use after: 66.2 MB.

Unloading 6 unused Assets to reduce memory usage. Loaded Objects now: 1751.
Total: 1.738400 ms (FindLiveObjects: 0.153600 ms CreateObjectMapping: 0.033000 ms MarkObjects: 1.499800 ms  DeleteObjects: 0.050900 ms)

AssetImportParameters requested are different than current active one (requested -> active):
  custom:graphics/normal-map-encoding: 01000000000000000000000000000000 -> 02000000000000000000000000000000
========================================================================
Received Prepare
Registering precompiled user dll's ...
Registered in 0.000646 seconds.
Begin MonoManager ReloadAssembly
Native extension for WindowsStandalone target not found
Native extension for OSXStandalone target not found
Native extension for WebGL target not found
Refreshing native plugins compatible for Editor in 0.26 ms, found 0 plugins.
Preloading 0 native plugins for Editor in 0.00 ms.
Mono: successfully reloaded assembly
- Completed reload, in  1.032 seconds
Platform modules already initialized, skipping
Switching build target platform(5) subTarget(0) extendedPlatform(0) -> platform(13) subTarget(537395200) extendedPlatform(0)
Refreshing native plugins compatible for Editor in 0.27 ms, found 0 plugins.
Preloading 0 native plugins for Editor in 0.00 ms.
Unloading 1267 Unused Serialized files (Serialized files now loaded: 0)
System memory in use before: 66.2 MB.
System memory in use after: 66.2 MB.

Unloading 6 unused Assets to reduce memory usage. Loaded Objects now: 1754.
Total: 2.002500 ms (FindLiveObjects: 0.178800 ms CreateObjectMapping: 0.032800 ms MarkObjects: 1.726100 ms  DeleteObjects: 0.063400 ms)

AssetImportParameters requested are different than current active one (requested -> active):
  custom:graphics/normal-map-encoding: 01000000000000000000000000000000 -> 02000000000000000000000000000000
========================================================================
Received Import Request.
  Time since last request: 2465.966678 seconds.
  path: Assets/Dungeon Backround/Prefabs/Capa.prefab
  artifactKey: Guid(931f99920e511784eab881bf9ea24e91) Importer(815301076,1909f56bfc062723c751e8b465ee728b)
Start importing Assets/Dungeon Backround/Prefabs/Capa.prefab using Guid(931f99920e511784eab881bf9ea24e91) Importer(815301076,1909f56bfc062723c751e8b465ee728b)  -> (artifact id: '15aea2e664d1a134da0af47c09ff3f16') in 0.210670 seconds
  Import took 0.213173 seconds .

========================================================================
Received Import Request.
  Time since last request: 1.182858 seconds.
  path: Assets/Dungeon Backround/Prefabs/Capa.prefab
  artifactKey: Guid(931f99920e511784eab881bf9ea24e91) Importer(815301076,1909f56bfc062723c751e8b465ee728b)
Start importing Assets/Dungeon Backround/Prefabs/Capa.prefab using Guid(931f99920e511784eab881bf9ea24e91) Importer(815301076,1909f56bfc062723c751e8b465ee728b)  -> (artifact id: '64db25649e2fc86e422fab425703e657') in 0.080820 seconds
  Import took 0.083439 seconds .

========================================================================
Received Prepare
Registering precompiled user dll's ...
Registered in 0.000653 seconds.
Begin MonoManager ReloadAssembly
Native extension for WindowsStandalone target not found
Native extension for OSXStandalone target not found
Native extension for WebGL target not found
Refreshing native plugins compatible for Editor in 0.24 ms, found 0 plugins.
Preloading 0 native plugins for Editor in 0.00 ms.
Mono: successfully reloaded assembly
- Completed reload, in  0.973 seconds
Platform modules already initialized, skipping
Switching build target platform(5) subTarget(0) extendedPlatform(0) -> platform(13) subTarget(537395200) extendedPlatform(0)
Refreshing native plugins compatible for Editor in 0.24 ms, found 0 plugins.
Preloading 0 native plugins for Editor in 0.00 ms.
Unloading 1267 Unused Serialized files (Serialized files now loaded: 0)
System memory in use before: 66.1 MB.
System memory in use after: 66.2 MB.

Unloading 6 unused Assets to reduce memory usage. Loaded Objects now: 1758.
Total: 1.922100 ms (FindLiveObjects: 0.171800 ms CreateObjectMapping: 0.033300 ms MarkObjects: 1.649400 ms  DeleteObjects: 0.066400 ms)

AssetImportParameters requested are different than current active one (requested -> active):
  custom:graphics/normal-map-encoding: 01000000000000000000000000000000 -> 02000000000000000000000000000000
========================================================================
Received Prepare
Registering precompiled user dll's ...
Registered in 0.000623 seconds.
Begin MonoManager ReloadAssembly
Native extension for WindowsStandalone target not found
Native extension for OSXStandalone target not found
Native extension for WebGL target not found
Refreshing native plugins compatible for Editor in 0.25 ms, found 0 plugins.
Preloading 0 native plugins for Editor in 0.00 ms.
Mono: successfully reloaded assembly
- Completed reload, in  0.995 seconds
Platform modules already initialized, skipping
Switching build target platform(5) subTarget(0) extendedPlatform(0) -> platform(13) subTarget(537395200) extendedPlatform(0)
Refreshing native plugins compatible for Editor in 0.28 ms, found 0 plugins.
Preloading 0 native plugins for Editor in 0.00 ms.
Unloading 1267 Unused Serialized files (Serialized files now loaded: 0)
System memory in use before: 66.2 MB.
System memory in use after: 66.2 MB.

Unloading 6 unused Assets to reduce memory usage. Loaded Objects now: 1761.
Total: 1.966700 ms (FindLiveObjects: 0.175700 ms CreateObjectMapping: 0.034700 ms MarkObjects: 1.692500 ms  DeleteObjects: 0.062300 ms)

AssetImportParameters requested are different than current active one (requested -> active):
  custom:graphics/normal-map-encoding: 01000000000000000000000000000000 -> 02000000000000000000000000000000
========================================================================
Received Prepare
Registering precompiled user dll's ...
Registered in 0.000603 seconds.
Begin MonoManager ReloadAssembly
Native extension for WindowsStandalone target not found
Native extension for OSXStandalone target not found
Native extension for WebGL target not found
Refreshing native plugins compatible for Editor in 0.26 ms, found 0 plugins.
Preloading 0 native plugins for Editor in 0.00 ms.
Mono: successfully reloaded assembly
- Completed reload, in  1.011 seconds
Platform modules already initialized, skipping
Switching build target platform(5) subTarget(0) extendedPlatform(0) -> platform(13) subTarget(537395200) extendedPlatform(0)
Refreshing native plugins compatible for Editor in 0.25 ms, found 0 plugins.
Preloading 0 native plugins for Editor in 0.00 ms.
Unloading 1267 Unused Serialized files (Serialized files now loaded: 0)
System memory in use before: 66.2 MB.
System memory in use after: 66.2 MB.

Unloading 6 unused Assets to reduce memory usage. Loaded Objects now: 1764.
Total: 1.792300 ms (FindLiveObjects: 0.194900 ms CreateObjectMapping: 0.035900 ms MarkObjects: 1.502400 ms  DeleteObjects: 0.057900 ms)

AssetImportParameters requested are different than current active one (requested -> active):
  custom:graphics/normal-map-encoding: 01000000000000000000000000000000 -> 02000000000000000000000000000000
========================================================================
Received Import Request.
  Time since last request: 1034.506359 seconds.
  path: Assets/DungeonTraps/Trap/Anim/Anim_AxeTrap_Play.anim
  artifactKey: Guid(2d7c35f8694c61145a2faee7c0107b84) Importer(815301076,1909f56bfc062723c751e8b465ee728b)
Start importing Assets/DungeonTraps/Trap/Anim/Anim_AxeTrap_Play.anim using Guid(2d7c35f8694c61145a2faee7c0107b84) Importer(815301076,1909f56bfc062723c751e8b465ee728b)  -> (artifact id: '82a61c75fc9ef61ad281836d9a68baaa') in 0.025518 seconds
  Import took 0.028359 seconds .

========================================================================
Received Import Request.
  Time since last request: 0.003573 seconds.
  path: Assets/DungeonTraps/Trap/Anim/Anim_AxeTrap_Play.anim
  artifactKey: Guid(2d7c35f8694c61145a2faee7c0107b84) Importer(815301076,1909f56bfc062723c751e8b465ee728b)
Start importing Assets/DungeonTraps/Trap/Anim/Anim_AxeTrap_Play.anim using Guid(2d7c35f8694c61145a2faee7c0107b84) Importer(815301076,1909f56bfc062723c751e8b465ee728b)  -> (artifact id: '82a61c75fc9ef61ad281836d9a68baaa') in 0.005794 seconds
  Import took 0.008092 seconds .

========================================================================
Received Import Request.
  Time since last request: 319.847926 seconds.
  path: Assets/DungeonTraps/Trap/Anim/Anim_SawTrap02_Play.anim
  artifactKey: Guid(d27f7c9eab50cd84b89bda5a164666e7) Importer(815301076,1909f56bfc062723c751e8b465ee728b)
Start importing Assets/DungeonTraps/Trap/Anim/Anim_SawTrap02_Play.anim using Guid(d27f7c9eab50cd84b89bda5a164666e7) Importer(815301076,1909f56bfc062723c751e8b465ee728b)  -> (artifact id: 'a4e87ab873103b7913946f396f9c9ef5') in 0.013337 seconds
  Import took 0.015739 seconds .

========================================================================
Received Import Request.
  Time since last request: 0.000740 seconds.
  path: Assets/DungeonTraps/Trap/Anim/Anim_SawTrap02_Play.anim
  artifactKey: Guid(d27f7c9eab50cd84b89bda5a164666e7) Importer(815301076,1909f56bfc062723c751e8b465ee728b)
Start importing Assets/DungeonTraps/Trap/Anim/Anim_SawTrap02_Play.anim using Guid(d27f7c9eab50cd84b89bda5a164666e7) Importer(815301076,1909f56bfc062723c751e8b465ee728b)  -> (artifact id: 'a4e87ab873103b7913946f396f9c9ef5') in 0.007270 seconds
  Import took 0.009453 seconds .

========================================================================
Received Import Request.
  Time since last request: 1.774174 seconds.
  path: Assets/DungeonTraps/Trap/Anim/Anim_SpearTrap_Play.anim
  artifactKey: Guid(2334a3837fbad4f44b5dc3e249121837) Importer(815301076,1909f56bfc062723c751e8b465ee728b)
Start importing Assets/DungeonTraps/Trap/Anim/Anim_SpearTrap_Play.anim using Guid(2334a3837fbad4f44b5dc3e249121837) Importer(815301076,1909f56bfc062723c751e8b465ee728b)  -> (artifact id: 'bcc454b60b6bb1a42f10f4f4ec7067dc') in 0.011434 seconds
  Import took 0.013670 seconds .

========================================================================
Received Import Request.
  Time since last request: 3.981405 seconds.
  path: Assets/DungeonTraps/Trap/Anim/Anim_GreatAxeTrap_Play.anim
  artifactKey: Guid(99dcd95039050ad46bcd5884c4a68665) Importer(815301076,1909f56bfc062723c751e8b465ee728b)
Start importing Assets/DungeonTraps/Trap/Anim/Anim_GreatAxeTrap_Play.anim using Guid(99dcd95039050ad46bcd5884c4a68665) Importer(815301076,1909f56bfc062723c751e8b465ee728b)  -> (artifact id: '68e075efa56f10490803e8e337f67ece') in 0.013093 seconds
  Import took 0.015345 seconds .

========================================================================
Received Import Request.
  Time since last request: 2.161172 seconds.
  path: Assets/DungeonTraps/Trap/Anim/Anim_SawTrap01_Play.anim
  artifactKey: Guid(c39e0c6e7ce7ee444a0e97621dd724db) Importer(815301076,1909f56bfc062723c751e8b465ee728b)
Start importing Assets/DungeonTraps/Trap/Anim/Anim_SawTrap01_Play.anim using Guid(c39e0c6e7ce7ee444a0e97621dd724db) Importer(815301076,1909f56bfc062723c751e8b465ee728b)  -> (artifact id: 'e7164280f7a369e91c7fd2d3e06eb4a5') in 0.011299 seconds
  Import took 0.013589 seconds .

========================================================================
Received Import Request.
  Time since last request: 0.001509 seconds.
  path: Assets/DungeonTraps/Trap/Anim/Anim_SawTrap01_Play.anim
  artifactKey: Guid(c39e0c6e7ce7ee444a0e97621dd724db) Importer(815301076,1909f56bfc062723c751e8b465ee728b)
Start importing Assets/DungeonTraps/Trap/Anim/Anim_SawTrap01_Play.anim using Guid(c39e0c6e7ce7ee444a0e97621dd724db) Importer(815301076,1909f56bfc062723c751e8b465ee728b)  -> (artifact id: 'e7164280f7a369e91c7fd2d3e06eb4a5') in 0.005684 seconds
  Import took 0.007885 seconds .

========================================================================
Received Prepare
Registering precompiled user dll's ...
Registered in 0.000608 seconds.
Begin MonoManager ReloadAssembly
Native extension for WindowsStandalone target not found
Native extension for OSXStandalone target not found
Native extension for WebGL target not found
Refreshing native plugins compatible for Editor in 0.25 ms, found 0 plugins.
Preloading 0 native plugins for Editor in 0.00 ms.
Mono: successfully reloaded assembly
- Completed reload, in  1.033 seconds
Platform modules already initialized, skipping
Switching build target platform(5) subTarget(0) extendedPlatform(0) -> platform(13) subTarget(537395200) extendedPlatform(0)
Refreshing native plugins compatible for Editor in 0.24 ms, found 0 plugins.
Preloading 0 native plugins for Editor in 0.00 ms.
Unloading 1267 Unused Serialized files (Serialized files now loaded: 0)
System memory in use before: 66.2 MB.
System memory in use after: 66.3 MB.

Unloading 6 unused Assets to reduce memory usage. Loaded Objects now: 1767.
Total: 1.772800 ms (FindLiveObjects: 0.153900 ms CreateObjectMapping: 0.033400 ms MarkObjects: 1.527700 ms  DeleteObjects: 0.056600 ms)

AssetImportParameters requested are different than current active one (requested -> active):
  custom:graphics/normal-map-encoding: 01000000000000000000000000000000 -> 02000000000000000000000000000000
========================================================================
Received Import Request.
  Time since last request: 355.672387 seconds.
  path: Assets/Dungeon Backround/Prefabs/Mizrak_Duvar.prefab
  artifactKey: Guid(f69c71a32c390cb4592faca4abe82f3e) Importer(815301076,1909f56bfc062723c751e8b465ee728b)
Start importing Assets/Dungeon Backround/Prefabs/Mizrak_Duvar.prefab using Guid(f69c71a32c390cb4592faca4abe82f3e) Importer(815301076,1909f56bfc062723c751e8b465ee728b)  -> (artifact id: '195c04b22aac5576e656bc271800a550') in 0.125268 seconds
  Import took 0.127693 seconds .

========================================================================
Received Import Request.
  Time since last request: 1.498915 seconds.
  path: Assets/Dungeon Backround/Prefabs/Mizrak_Duvar.prefab
  artifactKey: Guid(f69c71a32c390cb4592faca4abe82f3e) Importer(815301076,1909f56bfc062723c751e8b465ee728b)
Start importing Assets/Dungeon Backround/Prefabs/Mizrak_Duvar.prefab using Guid(f69c71a32c390cb4592faca4abe82f3e) Importer(815301076,1909f56bfc062723c751e8b465ee728b)  -> (artifact id: '804d2f4461861e57ebaf5c5684e6a09b') in 0.069639 seconds
  Import took 0.072112 seconds .

========================================================================
Received Import Request.
  Time since last request: 2.143992 seconds.
  path: Assets/Dungeon Backround/Prefabs/Mizrak_Duvar.prefab
  artifactKey: Guid(f69c71a32c390cb4592faca4abe82f3e) Importer(815301076,1909f56bfc062723c751e8b465ee728b)
Start importing Assets/Dungeon Backround/Prefabs/Mizrak_Duvar.prefab using Guid(f69c71a32c390cb4592faca4abe82f3e) Importer(815301076,1909f56bfc062723c751e8b465ee728b)  -> (artifact id: '83ba128b6a016e2d121fdf8dc0f4b8b5') in 0.070131 seconds
  Import took 0.072619 seconds .

========================================================================
Received Prepare
Registering precompiled user dll's ...
Registered in 0.000603 seconds.
Begin MonoManager ReloadAssembly
Native extension for WindowsStandalone target not found
Native extension for OSXStandalone target not found
Native extension for WebGL target not found
Refreshing native plugins compatible for Editor in 0.27 ms, found 0 plugins.
Preloading 0 native plugins for Editor in 0.00 ms.
Mono: successfully reloaded assembly
- Completed reload, in  1.039 seconds
Platform modules already initialized, skipping
Switching build target platform(5) subTarget(0) extendedPlatform(0) -> platform(13) subTarget(537395200) extendedPlatform(0)
Refreshing native plugins compatible for Editor in 0.24 ms, found 0 plugins.
Preloading 0 native plugins for Editor in 0.00 ms.
Unloading 1267 Unused Serialized files (Serialized files now loaded: 0)
System memory in use before: 66.2 MB.
System memory in use after: 66.3 MB.

Unloading 6 unused Assets to reduce memory usage. Loaded Objects now: 1771.
Total: 1.764500 ms (FindLiveObjects: 0.148000 ms CreateObjectMapping: 0.032800 ms MarkObjects: 1.524400 ms  DeleteObjects: 0.057700 ms)

AssetImportParameters requested are different than current active one (requested -> active):
  custom:graphics/normal-map-encoding: 01000000000000000000000000000000 -> 02000000000000000000000000000000
========================================================================
Received Prepare
Registering precompiled user dll's ...
Registered in 0.000696 seconds.
Begin MonoManager ReloadAssembly
Native extension for WindowsStandalone target not found
Native extension for OSXStandalone target not found
Native extension for WebGL target not found
Refreshing native plugins compatible for Editor in 0.25 ms, found 0 plugins.
Preloading 0 native plugins for Editor in 0.00 ms.
Mono: successfully reloaded assembly
- Completed reload, in  1.050 seconds
Platform modules already initialized, skipping
Switching build target platform(5) subTarget(0) extendedPlatform(0) -> platform(13) subTarget(537395200) extendedPlatform(0)
Refreshing native plugins compatible for Editor in 0.26 ms, found 0 plugins.
Preloading 0 native plugins for Editor in 0.00 ms.
Unloading 1267 Unused Serialized files (Serialized files now loaded: 0)
System memory in use before: 66.2 MB.
System memory in use after: 66.3 MB.

Unloading 6 unused Assets to reduce memory usage. Loaded Objects now: 1774.
Total: 1.899300 ms (FindLiveObjects: 0.175000 ms CreateObjectMapping: 0.033400 ms MarkObjects: 1.627100 ms  DeleteObjects: 0.062300 ms)

AssetImportParameters requested are different than current active one (requested -> active):
  custom:graphics/normal-map-encoding: 01000000000000000000000000000000 -> 02000000000000000000000000000000
========================================================================
Received Prepare
Registering precompiled user dll's ...
Registered in 0.000778 seconds.
Begin MonoManager ReloadAssembly
Native extension for WindowsStandalone target not found
Native extension for OSXStandalone target not found
Native extension for WebGL target not found
Refreshing native plugins compatible for Editor in 0.24 ms, found 0 plugins.
Preloading 0 native plugins for Editor in 0.00 ms.
Mono: successfully reloaded assembly
- Completed reload, in  1.023 seconds
Platform modules already initialized, skipping
Switching build target platform(5) subTarget(0) extendedPlatform(0) -> platform(13) subTarget(537395200) extendedPlatform(0)
Refreshing native plugins compatible for Editor in 0.24 ms, found 0 plugins.
Preloading 0 native plugins for Editor in 0.00 ms.
Unloading 1267 Unused Serialized files (Serialized files now loaded: 0)
System memory in use before: 66.2 MB.
System memory in use after: 66.3 MB.

Unloading 6 unused Assets to reduce memory usage. Loaded Objects now: 1777.
Total: 1.719200 ms (FindLiveObjects: 0.143400 ms CreateObjectMapping: 0.032800 ms MarkObjects: 1.490600 ms  DeleteObjects: 0.051500 ms)

AssetImportParameters requested are different than current active one (requested -> active):
  custom:graphics/normal-map-encoding: 01000000000000000000000000000000 -> 02000000000000000000000000000000
========================================================================
Received Prepare
Registering precompiled user dll's ...
Registered in 0.000616 seconds.
Begin MonoManager ReloadAssembly
Native extension for WindowsStandalone target not found
Native extension for OSXStandalone target not found
Native extension for WebGL target not found
Refreshing native plugins compatible for Editor in 0.26 ms, found 0 plugins.
Preloading 0 native plugins for Editor in 0.00 ms.
Mono: successfully reloaded assembly
- Completed reload, in  1.046 seconds
Platform modules already initialized, skipping
Switching build target platform(5) subTarget(0) extendedPlatform(0) -> platform(13) subTarget(537395200) extendedPlatform(0)
Refreshing native plugins compatible for Editor in 0.24 ms, found 0 plugins.
Preloading 0 native plugins for Editor in 0.00 ms.
Unloading 1267 Unused Serialized files (Serialized files now loaded: 0)
System memory in use before: 66.2 MB.
System memory in use after: 66.3 MB.

Unloading 6 unused Assets to reduce memory usage. Loaded Objects now: 1780.
Total: 1.854000 ms (FindLiveObjects: 0.165100 ms CreateObjectMapping: 0.039400 ms MarkObjects: 1.588500 ms  DeleteObjects: 0.059600 ms)

AssetImportParameters requested are different than current active one (requested -> active):
  custom:graphics/normal-map-encoding: 01000000000000000000000000000000 -> 02000000000000000000000000000000
========================================================================
Received Prepare
Registering precompiled user dll's ...
Registered in 0.000631 seconds.
Begin MonoManager ReloadAssembly
Native extension for WindowsStandalone target not found
Native extension for OSXStandalone target not found
Native extension for WebGL target not found
Refreshing native plugins compatible for Editor in 0.25 ms, found 0 plugins.
Preloading 0 native plugins for Editor in 0.00 ms.
Mono: successfully reloaded assembly
- Completed reload, in  1.068 seconds
Platform modules already initialized, skipping
Switching build target platform(5) subTarget(0) extendedPlatform(0) -> platform(13) subTarget(537395200) extendedPlatform(0)
Refreshing native plugins compatible for Editor in 0.25 ms, found 0 plugins.
Preloading 0 native plugins for Editor in 0.00 ms.
Unloading 1267 Unused Serialized files (Serialized files now loaded: 0)
System memory in use before: 66.2 MB.
System memory in use after: 66.3 MB.

Unloading 6 unused Assets to reduce memory usage. Loaded Objects now: 1783.
Total: 1.750500 ms (FindLiveObjects: 0.164100 ms CreateObjectMapping: 0.031600 ms MarkObjects: 1.496700 ms  DeleteObjects: 0.057100 ms)

AssetImportParameters requested are different than current active one (requested -> active):
  custom:graphics/normal-map-encoding: 01000000000000000000000000000000 -> 02000000000000000000000000000000
AssetImportWorkerClient::OnTransportError - code=2 error=End of file
