Using pre-set license
Built from '2020.3/release' branch; Version is '2020.3.7f1 (dd97f2c94397) revision 14522354'; Using compiler version '192528614'; Build Type 'Release'
OS: 'Windows 10 Home; OS build 19044.1706; Version 2009; 64bit' Language: 'tr' Physical Memory: 16320 MB
BatchMode: 1, IsHumanControllingUs: 0, StartBugReporterOnCrash: 0, Is64bit: 1, IsPro: 0

 COMMAND LINE ARGUMENTS:
C:\Program Files\Unity\Hub\Editor\2020.3.7f1\Editor\Unity.exe
-adb2
-batchMode
-noUpm
-name
AssetImportWorker0
-projectPath
D:/DungeonPillager/DungeonPillager
-logFile
Logs/AssetImportWorker0.log
-srvPort
56908
Successfully changed project path to: D:/DungeonPillager/DungeonPillager
D:/DungeonPillager/DungeonPillager
Using Asset Import Pipeline V2.
Refreshing native plugins compatible for Editor in 29.12 ms, found 0 plugins.
Preloading 0 native plugins for Editor in 0.00 ms.
Initialize engine version: 2020.3.7f1 (dd97f2c94397)
[Subsystems] Discovering subsystems at path C:/Program Files/Unity/Hub/Editor/2020.3.7f1/Editor/Data/Resources/UnitySubsystems
[Subsystems] Discovering subsystems at path D:/DungeonPillager/DungeonPillager/Assets
GfxDevice: creating device client; threaded=0
Direct3D:
    Version:  Direct3D 11.0 [level 11.1]
    Renderer: NVIDIA GeForce GTX 1070 (ID=0x1b81)
    Vendor:   
    VRAM:     8088 MB
    Driver:   30.0.15.1259
Initialize mono
Mono path[0] = 'C:/Program Files/Unity/Hub/Editor/2020.3.7f1/Editor/Data/Managed'
Mono path[1] = 'C:/Program Files/Unity/Hub/Editor/2020.3.7f1/Editor/Data/MonoBleedingEdge/lib/mono/unityjit'
Mono config path = 'C:/Program Files/Unity/Hub/Editor/2020.3.7f1/Editor/Data/MonoBleedingEdge/etc'
Using monoOptions --debugger-agent=transport=dt_socket,embedding=1,server=y,suspend=n,address=127.0.0.1:56748
Begin MonoManager ReloadAssembly
Registering precompiled unity dll's ...
Register platform support module: C:/Program Files/Unity/Hub/Editor/2020.3.7f1/Editor/Data/PlaybackEngines/WebGLSupport/UnityEditor.WebGL.Extensions.dll
Register platform support module: C:/Program Files/Unity/Hub/Editor/2020.3.7f1/Editor/Data/PlaybackEngines/MacStandaloneSupport/UnityEditor.OSXStandalone.Extensions.dll
Register platform support module: C:/Program Files/Unity/Hub/Editor/2020.3.7f1/Editor/Data/PlaybackEngines/WindowsStandaloneSupport/UnityEditor.WindowsStandalone.Extensions.dll
Registered in 0.003567 seconds.
Native extension for WindowsStandalone target not found
Native extension for OSXStandalone target not found
Native extension for WebGL target not found
Refreshing native plugins compatible for Editor in 28.92 ms, found 0 plugins.
Preloading 0 native plugins for Editor in 0.00 ms.
Mono: successfully reloaded assembly
- Completed reload, in  3.088 seconds
Platform modules already initialized, skipping
Registering precompiled user dll's ...
Registered in 0.000617 seconds.
Begin MonoManager ReloadAssembly
Native extension for WindowsStandalone target not found
Native extension for OSXStandalone target not found
Native extension for WebGL target not found
Refreshing native plugins compatible for Editor in 0.24 ms, found 0 plugins.
Preloading 0 native plugins for Editor in 0.00 ms.
Mono: successfully reloaded assembly
- Completed reload, in  1.065 seconds
Platform modules already initialized, skipping
========================================================================
Worker process is ready to serve import requests
Launched and connected shader compiler UnityShaderCompiler.exe after 0.05 seconds
Refreshing native plugins compatible for Editor in 0.30 ms, found 0 plugins.
Preloading 0 native plugins for Editor in 0.00 ms.
Unloading 1267 Unused Serialized files (Serialized files now loaded: 0)
System memory in use before: 62.7 MB.
System memory in use after: 62.8 MB.

Unloading 11 unused Assets to reduce memory usage. Loaded Objects now: 1712.
Total: 2.416800 ms (FindLiveObjects: 0.257300 ms CreateObjectMapping: 0.059500 ms MarkObjects: 2.005100 ms  DeleteObjects: 0.093200 ms)

========================================================================
Received Import Request.
  path: Assets/PlayerMovement.cs
  artifactKey: Guid(ad90e933dcc4f834080b2f3b139cf7e9) Importer(815301076,1909f56bfc062723c751e8b465ee728b)
Start importing Assets/PlayerMovement.cs using Guid(ad90e933dcc4f834080b2f3b139cf7e9) Importer(815301076,1909f56bfc062723c751e8b465ee728b)  -> (artifact id: '14df33bca3f64cc87ec2a60380c0ac59') in 0.031735 seconds
  Import took 0.034395 seconds .

========================================================================
Received Prepare
Refreshing native plugins compatible for Editor in 0.70 ms, found 0 plugins.
Preloading 0 native plugins for Editor in 0.00 ms.
Unloading 3 Unused Serialized files (Serialized files now loaded: 0)
System memory in use before: 37.3 MB.
System memory in use after: 37.4 MB.

Unloading 3 unused Assets to reduce memory usage. Loaded Objects now: 1712.
Total: 2.058800 ms (FindLiveObjects: 0.193300 ms CreateObjectMapping: 0.041400 ms MarkObjects: 1.771800 ms  DeleteObjects: 0.051300 ms)

========================================================================
Received Import Request.
  Time since last request: 195.881902 seconds.
  path: ProjectSettings/TagManager.asset
  artifactKey: Guid(00000000000000003000000000000000) Importer(815301076,1909f56bfc062723c751e8b465ee728b)
Start importing ProjectSettings/TagManager.asset using Guid(00000000000000003000000000000000) Importer(815301076,1909f56bfc062723c751e8b465ee728b)  -> (artifact id: '43f36da2ee112f6cb31aada68f197758') in 0.016884 seconds
  Import took 0.019197 seconds .

========================================================================
Received Import Request.
  Time since last request: 171.761925 seconds.
  path: Assets/Dungeon Backround
  artifactKey: Guid(9bbcba52b297d6a43b4b2d223f133037) Importer(815301076,1909f56bfc062723c751e8b465ee728b)
Start importing Assets/Dungeon Backround using Guid(9bbcba52b297d6a43b4b2d223f133037) Importer(815301076,1909f56bfc062723c751e8b465ee728b)  -> (artifact id: '85140b24ad2bbae05d6ca8cfba561915') in 0.009098 seconds
  Import took 0.011301 seconds .

========================================================================
Received Import Request.
  Time since last request: 2.809165 seconds.
  path: Assets/Dungeon Backround/Prefabs
  artifactKey: Guid(9919a3c63434dee4695fbff0c81aeba8) Importer(815301076,1909f56bfc062723c751e8b465ee728b)
Start importing Assets/Dungeon Backround/Prefabs using Guid(9919a3c63434dee4695fbff0c81aeba8) Importer(815301076,1909f56bfc062723c751e8b465ee728b)  -> (artifact id: 'a8132a2a97c2cfc9e0d9cbfc3a053501') in 0.008267 seconds
  Import took 0.010532 seconds .

========================================================================
Received Import Request.
  Time since last request: 0.101139 seconds.
  path: Assets/Dungeon Backround/Prefabs/Fall_Wall.prefab
  artifactKey: Guid(4b080d8b455563c4f968160966d56fae) Importer(815301076,1909f56bfc062723c751e8b465ee728b)
Start importing Assets/Dungeon Backround/Prefabs/Fall_Wall.prefab using Guid(4b080d8b455563c4f968160966d56fae) Importer(815301076,1909f56bfc062723c751e8b465ee728b)  -> (artifact id: '8191fcafe24c1659318d633c55f580e9') in 0.172587 seconds
  Import took 0.174905 seconds .

========================================================================
Received Import Request.
  Time since last request: 0.000221 seconds.
  path: Assets/Dungeon Backround/Prefabs/Simple_Wall.prefab
  artifactKey: Guid(8bfd6a7d4f362de4684d31fe2ef6b680) Importer(815301076,1909f56bfc062723c751e8b465ee728b)
Start importing Assets/Dungeon Backround/Prefabs/Simple_Wall.prefab using Guid(8bfd6a7d4f362de4684d31fe2ef6b680) Importer(815301076,1909f56bfc062723c751e8b465ee728b)  -> (artifact id: '906103c03048da76e2c4cb7a5dc83e52') in 0.067403 seconds
  Import took 0.069554 seconds .

========================================================================
Received Prepare
Registering precompiled user dll's ...
Registered in 0.000639 seconds.
Begin MonoManager ReloadAssembly
Native extension for WindowsStandalone target not found
Native extension for OSXStandalone target not found
Native extension for WebGL target not found
Refreshing native plugins compatible for Editor in 0.23 ms, found 0 plugins.
Preloading 0 native plugins for Editor in 0.00 ms.
Mono: successfully reloaded assembly
- Completed reload, in  0.905 seconds
Platform modules already initialized, skipping
Switching build target platform(5) subTarget(0) extendedPlatform(0) -> platform(13) subTarget(537395200) extendedPlatform(0)
Refreshing native plugins compatible for Editor in 0.23 ms, found 0 plugins.
Preloading 0 native plugins for Editor in 0.00 ms.
Unloading 1263 Unused Serialized files (Serialized files now loaded: 0)
System memory in use before: 65.7 MB.
System memory in use after: 65.8 MB.

Unloading 7 unused Assets to reduce memory usage. Loaded Objects now: 1722.
Total: 1.717100 ms (FindLiveObjects: 0.138500 ms CreateObjectMapping: 0.032500 ms MarkObjects: 1.490100 ms  DeleteObjects: 0.054700 ms)

AssetImportParameters requested are different than current active one (requested -> active):
  custom:graphics/normal-map-encoding: 01000000000000000000000000000000 -> 02000000000000000000000000000000
========================================================================
Received Import Request.
  Time since last request: 11.771738 seconds.
  path: Assets/Dungeon Backround/Prefabs/Simple_Wall.prefab
  artifactKey: Guid(8bfd6a7d4f362de4684d31fe2ef6b680) Importer(815301076,1909f56bfc062723c751e8b465ee728b)
Start importing Assets/Dungeon Backround/Prefabs/Simple_Wall.prefab using Guid(8bfd6a7d4f362de4684d31fe2ef6b680) Importer(815301076,1909f56bfc062723c751e8b465ee728b)  -> (artifact id: '8d1a2951abbbfd80aa77e673d56e5d65') in 0.112623 seconds
  Import took 0.115111 seconds .

========================================================================
Received Import Request.
  Time since last request: 3.173630 seconds.
  path: Assets/Dungeon Backround/Prefabs/Simple_Wall.prefab
  artifactKey: Guid(8bfd6a7d4f362de4684d31fe2ef6b680) Importer(815301076,1909f56bfc062723c751e8b465ee728b)
Start importing Assets/Dungeon Backround/Prefabs/Simple_Wall.prefab using Guid(8bfd6a7d4f362de4684d31fe2ef6b680) Importer(815301076,1909f56bfc062723c751e8b465ee728b)  -> (artifact id: '96a1ea30703e117e9007c232e920f3b7') in 0.059480 seconds
  Import took 0.061837 seconds .

========================================================================
Received Import Request.
  Time since last request: 4.174415 seconds.
  path: Assets/Dungeon Backround/Prefabs/Simple_Wall.prefab
  artifactKey: Guid(8bfd6a7d4f362de4684d31fe2ef6b680) Importer(815301076,1909f56bfc062723c751e8b465ee728b)
Start importing Assets/Dungeon Backround/Prefabs/Simple_Wall.prefab using Guid(8bfd6a7d4f362de4684d31fe2ef6b680) Importer(815301076,1909f56bfc062723c751e8b465ee728b)  -> (artifact id: '7fc0af4153d8f0d6b299bc27c047f183') in 0.060326 seconds
  Import took 0.062689 seconds .

========================================================================
Received Import Request.
  Time since last request: 0.002913 seconds.
  path: Assets/Dungeon Backround/Prefabs/Simple_Wall.prefab
  artifactKey: Guid(8bfd6a7d4f362de4684d31fe2ef6b680) Importer(815301076,1909f56bfc062723c751e8b465ee728b)
Start importing Assets/Dungeon Backround/Prefabs/Simple_Wall.prefab using Guid(8bfd6a7d4f362de4684d31fe2ef6b680) Importer(815301076,1909f56bfc062723c751e8b465ee728b)  -> (artifact id: '7fc0af4153d8f0d6b299bc27c047f183') in 0.058675 seconds
  Import took 0.060775 seconds .

========================================================================
Received Import Request.
  Time since last request: 4.116037 seconds.
  path: Assets/Dungeon Backround/Prefabs/Simple_Wall.prefab
  artifactKey: Guid(8bfd6a7d4f362de4684d31fe2ef6b680) Importer(815301076,1909f56bfc062723c751e8b465ee728b)
Start importing Assets/Dungeon Backround/Prefabs/Simple_Wall.prefab using Guid(8bfd6a7d4f362de4684d31fe2ef6b680) Importer(815301076,1909f56bfc062723c751e8b465ee728b)  -> (artifact id: 'f6c2948399e72a7cf025f30f186bcfe0') in 0.058569 seconds
  Import took 0.060952 seconds .

========================================================================
Received Import Request.
  Time since last request: 15.464521 seconds.
  path: Assets/Dungeon Backround/Prefabs/Simple_Wall.prefab
  artifactKey: Guid(8bfd6a7d4f362de4684d31fe2ef6b680) Importer(815301076,1909f56bfc062723c751e8b465ee728b)
Start importing Assets/Dungeon Backround/Prefabs/Simple_Wall.prefab using Guid(8bfd6a7d4f362de4684d31fe2ef6b680) Importer(815301076,1909f56bfc062723c751e8b465ee728b)  -> (artifact id: 'd45a11794395637624034bd280d1f270') in 0.058401 seconds
  Import took 0.060726 seconds .

========================================================================
Received Prepare
Registering precompiled user dll's ...
Registered in 0.000556 seconds.
Begin MonoManager ReloadAssembly
Native extension for WindowsStandalone target not found
Native extension for OSXStandalone target not found
Native extension for WebGL target not found
Refreshing native plugins compatible for Editor in 0.23 ms, found 0 plugins.
Preloading 0 native plugins for Editor in 0.00 ms.
Mono: successfully reloaded assembly
- Completed reload, in  0.923 seconds
Platform modules already initialized, skipping
Switching build target platform(5) subTarget(0) extendedPlatform(0) -> platform(13) subTarget(537395200) extendedPlatform(0)
Refreshing native plugins compatible for Editor in 0.23 ms, found 0 plugins.
Preloading 0 native plugins for Editor in 0.00 ms.
Unloading 1263 Unused Serialized files (Serialized files now loaded: 0)
System memory in use before: 65.7 MB.
System memory in use after: 65.8 MB.

Unloading 6 unused Assets to reduce memory usage. Loaded Objects now: 1726.
Total: 1.846600 ms (FindLiveObjects: 0.157900 ms CreateObjectMapping: 0.031300 ms MarkObjects: 1.597700 ms  DeleteObjects: 0.058700 ms)

AssetImportParameters requested are different than current active one (requested -> active):
  custom:graphics/normal-map-encoding: 01000000000000000000000000000000 -> 02000000000000000000000000000000
========================================================================
Received Prepare
Registering precompiled user dll's ...
Registered in 0.000774 seconds.
Begin MonoManager ReloadAssembly
Native extension for WindowsStandalone target not found
Native extension for OSXStandalone target not found
Native extension for WebGL target not found
Refreshing native plugins compatible for Editor in 0.23 ms, found 0 plugins.
Preloading 0 native plugins for Editor in 0.00 ms.
Mono: successfully reloaded assembly
- Completed reload, in  0.921 seconds
Platform modules already initialized, skipping
Switching build target platform(5) subTarget(0) extendedPlatform(0) -> platform(13) subTarget(537395200) extendedPlatform(0)
Refreshing native plugins compatible for Editor in 0.24 ms, found 0 plugins.
Preloading 0 native plugins for Editor in 0.00 ms.
Unloading 1263 Unused Serialized files (Serialized files now loaded: 0)
System memory in use before: 65.7 MB.
System memory in use after: 65.8 MB.

Unloading 6 unused Assets to reduce memory usage. Loaded Objects now: 1729.
Total: 1.858100 ms (FindLiveObjects: 0.167100 ms CreateObjectMapping: 0.036500 ms MarkObjects: 1.598900 ms  DeleteObjects: 0.054600 ms)

AssetImportParameters requested are different than current active one (requested -> active):
  custom:graphics/normal-map-encoding: 01000000000000000000000000000000 -> 02000000000000000000000000000000
========================================================================
Received Import Request.
  Time since last request: 289.613154 seconds.
  path: Assets/Dungeon Backround/Prefabs/Simple_Wall 1.prefab
  artifactKey: Guid(e90d7cc4f1327b246ac2988b4e7a4613) Importer(815301076,1909f56bfc062723c751e8b465ee728b)
Start importing Assets/Dungeon Backround/Prefabs/Simple_Wall 1.prefab using Guid(e90d7cc4f1327b246ac2988b4e7a4613) Importer(815301076,1909f56bfc062723c751e8b465ee728b)  -> (artifact id: '82cb2cc83316c55cb8c8a26201512969') in 0.111088 seconds
  Import took 0.113400 seconds .

========================================================================
Received Import Request.
  Time since last request: 24.262131 seconds.
  path: Assets/Dungeon Backround/Models
  artifactKey: Guid(3e6bd1b67fa67904fa5bb70b77564ca8) Importer(815301076,1909f56bfc062723c751e8b465ee728b)
Start importing Assets/Dungeon Backround/Models using Guid(3e6bd1b67fa67904fa5bb70b77564ca8) Importer(815301076,1909f56bfc062723c751e8b465ee728b)  -> (artifact id: '5d145dd7cd4ea02d63a49d363ff460af') in 0.005535 seconds
  Import took 0.007683 seconds .

========================================================================
Received Import Request.
  Time since last request: 0.030634 seconds.
  path: Assets/Dungeon Backround/Models/Dungeon_Wall.prefab
  artifactKey: Guid(819587a177753244c9290d7ffb6ae7d8) Importer(815301076,1909f56bfc062723c751e8b465ee728b)
Start importing Assets/Dungeon Backround/Models/Dungeon_Wall.prefab using Guid(819587a177753244c9290d7ffb6ae7d8) Importer(815301076,1909f56bfc062723c751e8b465ee728b)  -> (artifact id: '8fcefe7485ec5f3e322c886ab4bfd28f') in 0.058170 seconds
  Import took 0.060382 seconds .

========================================================================
Received Import Request.
  Time since last request: 0.000200 seconds.
  path: Assets/Dungeon Backround/Models/freeDungeon.fbx
  artifactKey: Guid(a337bdcf778631a498644d4fcca86400) Importer(815301076,1909f56bfc062723c751e8b465ee728b)
Start importing Assets/Dungeon Backround/Models/freeDungeon.fbx using Guid(a337bdcf778631a498644d4fcca86400) Importer(815301076,1909f56bfc062723c751e8b465ee728b)  -> (artifact id: 'd427765c7ea6c849aff5a050bd320fab') in 0.118928 seconds
  Import took 0.121071 seconds .

========================================================================
Received Import Request.
  Time since last request: 1.599999 seconds.
  path: Assets/Dungeon Backround/Models/Materials
  artifactKey: Guid(f067f14ef66551740a87d9394b0b2a34) Importer(815301076,1909f56bfc062723c751e8b465ee728b)
Start importing Assets/Dungeon Backround/Models/Materials using Guid(f067f14ef66551740a87d9394b0b2a34) Importer(815301076,1909f56bfc062723c751e8b465ee728b)  -> (artifact id: '03d52546daa671f2df8f80a0a509b73a') in 0.005874 seconds
  Import took 0.008000 seconds .

========================================================================
Received Import Request.
  Time since last request: 0.038303 seconds.
  path: Assets/Dungeon Backround/Models/Materials/texture.mat
  artifactKey: Guid(b7f7d4cc806dee545b5972961d668299) Importer(815301076,1909f56bfc062723c751e8b465ee728b)
Start importing Assets/Dungeon Backround/Models/Materials/texture.mat using Guid(b7f7d4cc806dee545b5972961d668299) Importer(815301076,1909f56bfc062723c751e8b465ee728b)  -> (artifact id: 'a20cd386981d5757c8798a33fef1e409') in 0.074603 seconds
  Import took 0.076939 seconds .

========================================================================
Received Import Request.
  Time since last request: 46.681127 seconds.
  path: Assets/Dungeon Backround/Prefabs/Simple_Wall 1.prefab
  artifactKey: Guid(e90d7cc4f1327b246ac2988b4e7a4613) Importer(815301076,1909f56bfc062723c751e8b465ee728b)
Start importing Assets/Dungeon Backround/Prefabs/Simple_Wall 1.prefab using Guid(e90d7cc4f1327b246ac2988b4e7a4613) Importer(815301076,1909f56bfc062723c751e8b465ee728b)  -> (artifact id: '41d8c0db14888332ec43099afe1d8a84') in 0.056992 seconds
  Import took 0.059382 seconds .

========================================================================
Received Import Request.
  Time since last request: 5.568023 seconds.
  path: Assets/Dungeon Backround/Prefabs/Simple_Wall 1.prefab
  artifactKey: Guid(e90d7cc4f1327b246ac2988b4e7a4613) Importer(815301076,1909f56bfc062723c751e8b465ee728b)
Start importing Assets/Dungeon Backround/Prefabs/Simple_Wall 1.prefab using Guid(e90d7cc4f1327b246ac2988b4e7a4613) Importer(815301076,1909f56bfc062723c751e8b465ee728b)  -> (artifact id: '88e115d415e94a1759896d30ed014522') in 0.059436 seconds
  Import took 0.061904 seconds .

========================================================================
Received Import Request.
  Time since last request: 20.081114 seconds.
  path: Assets/Dungeon Backround/Prefabs/Simple_Wall 1.prefab
  artifactKey: Guid(e90d7cc4f1327b246ac2988b4e7a4613) Importer(815301076,1909f56bfc062723c751e8b465ee728b)
Start importing Assets/Dungeon Backround/Prefabs/Simple_Wall 1.prefab using Guid(e90d7cc4f1327b246ac2988b4e7a4613) Importer(815301076,1909f56bfc062723c751e8b465ee728b)  -> (artifact id: '2e541bdc0e4ce8fec470804a9a65056b') in 0.056363 seconds
  Import took 0.058760 seconds .

========================================================================
Received Import Request.
  Time since last request: 25.406581 seconds.
  path: Assets/Dungeon Backround/Prefabs/Simple_Wall 1.prefab
  artifactKey: Guid(e90d7cc4f1327b246ac2988b4e7a4613) Importer(815301076,1909f56bfc062723c751e8b465ee728b)
Start importing Assets/Dungeon Backround/Prefabs/Simple_Wall 1.prefab using Guid(e90d7cc4f1327b246ac2988b4e7a4613) Importer(815301076,1909f56bfc062723c751e8b465ee728b)  -> (artifact id: 'ec7a96d375f2e1e8f927f83d2bb6baf6') in 0.060775 seconds
  Import took 0.063244 seconds .

========================================================================
Received Import Request.
  Time since last request: 4.562616 seconds.
  path: Assets/Dungeon Backround/Prefabs/Simple_Wall 1.prefab
  artifactKey: Guid(e90d7cc4f1327b246ac2988b4e7a4613) Importer(815301076,1909f56bfc062723c751e8b465ee728b)
Start importing Assets/Dungeon Backround/Prefabs/Simple_Wall 1.prefab using Guid(e90d7cc4f1327b246ac2988b4e7a4613) Importer(815301076,1909f56bfc062723c751e8b465ee728b)  -> (artifact id: '3218493c20c6ae9ccc79402ad58ace9f') in 0.060695 seconds
  Import took 0.063149 seconds .

========================================================================
Received Import Request.
  Time since last request: 2.958927 seconds.
  path: Assets/Dungeon Backround/Prefabs/Simple_Wall 1.prefab
  artifactKey: Guid(e90d7cc4f1327b246ac2988b4e7a4613) Importer(815301076,1909f56bfc062723c751e8b465ee728b)
Start importing Assets/Dungeon Backround/Prefabs/Simple_Wall 1.prefab using Guid(e90d7cc4f1327b246ac2988b4e7a4613) Importer(815301076,1909f56bfc062723c751e8b465ee728b)  -> (artifact id: '2217becd0ac544e38d943d80ddb164d7') in 0.058666 seconds
  Import took 0.061285 seconds .

========================================================================
Received Import Request.
  Time since last request: 3.565598 seconds.
  path: Assets/Dungeon Backround/Prefabs/Simple_Wall 1.prefab
  artifactKey: Guid(e90d7cc4f1327b246ac2988b4e7a4613) Importer(815301076,1909f56bfc062723c751e8b465ee728b)
Start importing Assets/Dungeon Backround/Prefabs/Simple_Wall 1.prefab using Guid(e90d7cc4f1327b246ac2988b4e7a4613) Importer(815301076,1909f56bfc062723c751e8b465ee728b)  -> (artifact id: '056ccda11613ec0ada18e4b69787ec1c') in 0.061943 seconds
  Import took 0.064509 seconds .

========================================================================
Received Import Request.
  Time since last request: 2.954294 seconds.
  path: Assets/Dungeon Backround/Prefabs/Simple_Wall 1.prefab
  artifactKey: Guid(e90d7cc4f1327b246ac2988b4e7a4613) Importer(815301076,1909f56bfc062723c751e8b465ee728b)
Start importing Assets/Dungeon Backround/Prefabs/Simple_Wall 1.prefab using Guid(e90d7cc4f1327b246ac2988b4e7a4613) Importer(815301076,1909f56bfc062723c751e8b465ee728b)  -> (artifact id: '16fc7cd2a7abd7585de3c931bf955228') in 0.060786 seconds
  Import took 0.063307 seconds .

========================================================================
Received Import Request.
  Time since last request: 5.173706 seconds.
  path: Assets/Dungeon Backround/Prefabs/Simple_Wall 1.prefab
  artifactKey: Guid(e90d7cc4f1327b246ac2988b4e7a4613) Importer(815301076,1909f56bfc062723c751e8b465ee728b)
Start importing Assets/Dungeon Backround/Prefabs/Simple_Wall 1.prefab using Guid(e90d7cc4f1327b246ac2988b4e7a4613) Importer(815301076,1909f56bfc062723c751e8b465ee728b)  -> (artifact id: 'c8f8f6bc0d07354be0c480a647d6723a') in 0.062254 seconds
  Import took 0.064807 seconds .

========================================================================
Received Import Request.
  Time since last request: 11.446075 seconds.
  path: Assets/Dungeon Backround/Prefabs/Simple_Wall 1.prefab
  artifactKey: Guid(e90d7cc4f1327b246ac2988b4e7a4613) Importer(815301076,1909f56bfc062723c751e8b465ee728b)
Start importing Assets/Dungeon Backround/Prefabs/Simple_Wall 1.prefab using Guid(e90d7cc4f1327b246ac2988b4e7a4613) Importer(815301076,1909f56bfc062723c751e8b465ee728b)  -> (artifact id: 'fb3a92ef584de114a97bfe0d126fcb22') in 0.059654 seconds
  Import took 0.062242 seconds .

========================================================================
Received Import Request.
  Time since last request: 4.575520 seconds.
  path: Assets/Dungeon Backround/Prefabs/Simple_Wall 1.prefab
  artifactKey: Guid(e90d7cc4f1327b246ac2988b4e7a4613) Importer(815301076,1909f56bfc062723c751e8b465ee728b)
Start importing Assets/Dungeon Backround/Prefabs/Simple_Wall 1.prefab using Guid(e90d7cc4f1327b246ac2988b4e7a4613) Importer(815301076,1909f56bfc062723c751e8b465ee728b)  -> (artifact id: '661f92a0dddb7350d640e31ce8ed085f') in 0.055974 seconds
  Import took 0.058385 seconds .

========================================================================
Received Import Request.
  Time since last request: 1.955089 seconds.
  path: Assets/Dungeon Backround/Prefabs/Simple_Wall 1.prefab
  artifactKey: Guid(e90d7cc4f1327b246ac2988b4e7a4613) Importer(815301076,1909f56bfc062723c751e8b465ee728b)
Start importing Assets/Dungeon Backround/Prefabs/Simple_Wall 1.prefab using Guid(e90d7cc4f1327b246ac2988b4e7a4613) Importer(815301076,1909f56bfc062723c751e8b465ee728b)  -> (artifact id: '2871120a2b3700cc328f649151dc5eb2') in 0.062734 seconds
  Import took 0.065188 seconds .

========================================================================
Received Import Request.
  Time since last request: 4.372071 seconds.
  path: Assets/Dungeon Backround/Prefabs/Simple_Wall 1.prefab
  artifactKey: Guid(e90d7cc4f1327b246ac2988b4e7a4613) Importer(815301076,1909f56bfc062723c751e8b465ee728b)
Start importing Assets/Dungeon Backround/Prefabs/Simple_Wall 1.prefab using Guid(e90d7cc4f1327b246ac2988b4e7a4613) Importer(815301076,1909f56bfc062723c751e8b465ee728b)  -> (artifact id: 'd99383856d42b76627ec70d82dd937b7') in 0.058754 seconds
  Import took 0.061277 seconds .

========================================================================
Received Import Request.
  Time since last request: 40.447751 seconds.
  path: Assets/Dungeon Backround/Prefabs/Simple_Wall 1.prefab
  artifactKey: Guid(e90d7cc4f1327b246ac2988b4e7a4613) Importer(815301076,1909f56bfc062723c751e8b465ee728b)
Start importing Assets/Dungeon Backround/Prefabs/Simple_Wall 1.prefab using Guid(e90d7cc4f1327b246ac2988b4e7a4613) Importer(815301076,1909f56bfc062723c751e8b465ee728b)  -> (artifact id: 'e5cabb486c98571060ee03ed076bdef0') in 0.059796 seconds
  Import took 0.062289 seconds .

========================================================================
Received Import Request.
  Time since last request: 2.953735 seconds.
  path: Assets/Dungeon Backround/Prefabs/Simple_Wall 1.prefab
  artifactKey: Guid(e90d7cc4f1327b246ac2988b4e7a4613) Importer(815301076,1909f56bfc062723c751e8b465ee728b)
Start importing Assets/Dungeon Backround/Prefabs/Simple_Wall 1.prefab using Guid(e90d7cc4f1327b246ac2988b4e7a4613) Importer(815301076,1909f56bfc062723c751e8b465ee728b)  -> (artifact id: 'c1761a88ca97a812ec20ef8f37e637cb') in 0.059562 seconds
  Import took 0.062263 seconds .

========================================================================
Received Import Request.
  Time since last request: 1.558800 seconds.
  path: Assets/Dungeon Backround/Prefabs/Simple_Wall 1.prefab
  artifactKey: Guid(e90d7cc4f1327b246ac2988b4e7a4613) Importer(815301076,1909f56bfc062723c751e8b465ee728b)
Start importing Assets/Dungeon Backround/Prefabs/Simple_Wall 1.prefab using Guid(e90d7cc4f1327b246ac2988b4e7a4613) Importer(815301076,1909f56bfc062723c751e8b465ee728b)  -> (artifact id: 'ca489fd14436a1f89100a08802553ae6') in 0.060104 seconds
  Import took 0.062506 seconds .

========================================================================
Received Import Request.
  Time since last request: 1.955560 seconds.
  path: Assets/Dungeon Backround/Prefabs/Simple_Wall 1.prefab
  artifactKey: Guid(e90d7cc4f1327b246ac2988b4e7a4613) Importer(815301076,1909f56bfc062723c751e8b465ee728b)
Start importing Assets/Dungeon Backround/Prefabs/Simple_Wall 1.prefab using Guid(e90d7cc4f1327b246ac2988b4e7a4613) Importer(815301076,1909f56bfc062723c751e8b465ee728b)  -> (artifact id: '6952815951422ce38a20b1d6701bdfeb') in 0.059526 seconds
  Import took 0.061929 seconds .

========================================================================
Received Import Request.
  Time since last request: 10.631800 seconds.
  path: Assets/Dungeon Backround/Prefabs/Simple_Wall 1.prefab
  artifactKey: Guid(e90d7cc4f1327b246ac2988b4e7a4613) Importer(815301076,1909f56bfc062723c751e8b465ee728b)
Start importing Assets/Dungeon Backround/Prefabs/Simple_Wall 1.prefab using Guid(e90d7cc4f1327b246ac2988b4e7a4613) Importer(815301076,1909f56bfc062723c751e8b465ee728b)  -> (artifact id: 'ca1259affb5aadff8d79bc0fe648d1d2') in 0.058664 seconds
  Import took 0.061182 seconds .

========================================================================
Received Import Request.
  Time since last request: 23.914666 seconds.
  path: Assets/Dungeon Backround/Prefabs/Simple_Wall 1.prefab
  artifactKey: Guid(e90d7cc4f1327b246ac2988b4e7a4613) Importer(815301076,1909f56bfc062723c751e8b465ee728b)
Start importing Assets/Dungeon Backround/Prefabs/Simple_Wall 1.prefab using Guid(e90d7cc4f1327b246ac2988b4e7a4613) Importer(815301076,1909f56bfc062723c751e8b465ee728b)  -> (artifact id: 'cd4a4e8b98d0f060e205ddd993a9802b') in 0.061094 seconds
  Import took 0.063518 seconds .

========================================================================
Received Import Request.
  Time since last request: 275.998886 seconds.
  path: Assets/Dungeon Backround/Prefabs/Simple_Wall 1.prefab
  artifactKey: Guid(e90d7cc4f1327b246ac2988b4e7a4613) Importer(815301076,1909f56bfc062723c751e8b465ee728b)
Start importing Assets/Dungeon Backround/Prefabs/Simple_Wall 1.prefab using Guid(e90d7cc4f1327b246ac2988b4e7a4613) Importer(815301076,1909f56bfc062723c751e8b465ee728b)  -> (artifact id: '61ee627e847527e36d7aa28673bd55e9') in 0.061414 seconds
  Import took 0.063979 seconds .

========================================================================
Received Import Request.
  Time since last request: 0.001602 seconds.
  path: Assets/Dungeon Backround/Prefabs/Simple_Wall 1.prefab
  artifactKey: Guid(e90d7cc4f1327b246ac2988b4e7a4613) Importer(815301076,1909f56bfc062723c751e8b465ee728b)
Start importing Assets/Dungeon Backround/Prefabs/Simple_Wall 1.prefab using Guid(e90d7cc4f1327b246ac2988b4e7a4613) Importer(815301076,1909f56bfc062723c751e8b465ee728b)  -> (artifact id: '61ee627e847527e36d7aa28673bd55e9') in 0.056252 seconds
  Import took 0.058462 seconds .

========================================================================
Received Import Request.
  Time since last request: 10.306476 seconds.
  path: Assets/Dungeon Backround/Prefabs/Simple_Wall 1.prefab
  artifactKey: Guid(e90d7cc4f1327b246ac2988b4e7a4613) Importer(815301076,1909f56bfc062723c751e8b465ee728b)
Start importing Assets/Dungeon Backround/Prefabs/Simple_Wall 1.prefab using Guid(e90d7cc4f1327b246ac2988b4e7a4613) Importer(815301076,1909f56bfc062723c751e8b465ee728b)  -> (artifact id: '23b93a5d9b9433e63190cc2d5ddb457b') in 0.060107 seconds
  Import took 0.062770 seconds .

========================================================================
Received Import Request.
  Time since last request: 5.171019 seconds.
  path: Assets/Dungeon Backround/Prefabs/Simple_Wall 1.prefab
  artifactKey: Guid(e90d7cc4f1327b246ac2988b4e7a4613) Importer(815301076,1909f56bfc062723c751e8b465ee728b)
Start importing Assets/Dungeon Backround/Prefabs/Simple_Wall 1.prefab using Guid(e90d7cc4f1327b246ac2988b4e7a4613) Importer(815301076,1909f56bfc062723c751e8b465ee728b)  -> (artifact id: 'f04204d1db1dfc77bb20ca884384bd6c') in 0.060512 seconds
  Import took 0.063098 seconds .

========================================================================
Received Import Request.
  Time since last request: 19.036028 seconds.
  path: Assets/DungeonTraps
  artifactKey: Guid(aa134695e2d25f848ad5bd973066e9ec) Importer(815301076,1909f56bfc062723c751e8b465ee728b)
Start importing Assets/DungeonTraps using Guid(aa134695e2d25f848ad5bd973066e9ec) Importer(815301076,1909f56bfc062723c751e8b465ee728b)  -> (artifact id: '6ba7d3bc3b6910c973554b65450fbaab') in 0.005603 seconds
  Import took 0.007811 seconds .

========================================================================
Received Import Request.
  Time since last request: 1.545355 seconds.
  path: Assets/DungeonTraps/Effect
  artifactKey: Guid(e82c938dbd126d441a73fce8abb3de7d) Importer(815301076,1909f56bfc062723c751e8b465ee728b)
Start importing Assets/DungeonTraps/Effect using Guid(e82c938dbd126d441a73fce8abb3de7d) Importer(815301076,1909f56bfc062723c751e8b465ee728b)  -> (artifact id: 'ecd6e1c474f3982661e63d468e78a0a7') in 0.005842 seconds
  Import took 0.008086 seconds .

========================================================================
Received Import Request.
  Time since last request: 1.296891 seconds.
  path: Assets/DungeonTraps/Trap
  artifactKey: Guid(956bf45c1c197124781911c8c8390506) Importer(815301076,1909f56bfc062723c751e8b465ee728b)
Start importing Assets/DungeonTraps/Trap using Guid(956bf45c1c197124781911c8c8390506) Importer(815301076,1909f56bfc062723c751e8b465ee728b)  -> (artifact id: 'c24038109a2d6a903169e2bcf87fcbe6') in 0.005668 seconds
  Import took 0.007832 seconds .

========================================================================
Received Import Request.
  Time since last request: 0.047682 seconds.
  path: Assets/DungeonTraps/Trap/Axe.FBX
  artifactKey: Guid(dd7cc768a6132134d814e304aeaaffdb) Importer(815301076,1909f56bfc062723c751e8b465ee728b)
Start importing Assets/DungeonTraps/Trap/Axe.FBX using Guid(dd7cc768a6132134d814e304aeaaffdb) Importer(815301076,1909f56bfc062723c751e8b465ee728b)  -> (artifact id: 'c98e35de782ec6307f69de8d0e4674a6') in 0.025941 seconds
  Import took 0.028371 seconds .

========================================================================
Received Import Request.
  Time since last request: 0.000196 seconds.
  path: Assets/DungeonTraps/Trap/BladeFrame.FBX
  artifactKey: Guid(f21a06c8e9720ef4d8c84b13183cf183) Importer(815301076,1909f56bfc062723c751e8b465ee728b)
Start importing Assets/DungeonTraps/Trap/BladeFrame.FBX using Guid(f21a06c8e9720ef4d8c84b13183cf183) Importer(815301076,1909f56bfc062723c751e8b465ee728b)  -> (artifact id: '45fc90335099bd4afabb67fe12ec72ce') in 0.023423 seconds
  Import took 0.025463 seconds .

========================================================================
Received Import Request.
  Time since last request: 0.000178 seconds.
  path: Assets/DungeonTraps/Trap/SawBladeFrameBar.FBX
  artifactKey: Guid(45cdd7be55c783844add8ed6d9828f62) Importer(815301076,1909f56bfc062723c751e8b465ee728b)
Start importing Assets/DungeonTraps/Trap/SawBladeFrameBar.FBX using Guid(45cdd7be55c783844add8ed6d9828f62) Importer(815301076,1909f56bfc062723c751e8b465ee728b)  -> (artifact id: 'd5e364cda95d73c3c9bc52127c17fbcb') in 0.023873 seconds
  Import took 0.025860 seconds .

========================================================================
Received Import Request.
  Time since last request: 0.000174 seconds.
  path: Assets/DungeonTraps/Trap/Blade.FBX
  artifactKey: Guid(d7c86d0a96a13c94b9624c29250e11e4) Importer(815301076,1909f56bfc062723c751e8b465ee728b)
Start importing Assets/DungeonTraps/Trap/Blade.FBX using Guid(d7c86d0a96a13c94b9624c29250e11e4) Importer(815301076,1909f56bfc062723c751e8b465ee728b)  -> (artifact id: 'e10b525d294c81cc8cdd0235689f3afe') in 0.024227 seconds
  Import took 0.026228 seconds .

========================================================================
Received Import Request.
  Time since last request: 0.000181 seconds.
  path: Assets/DungeonTraps/Trap/SawBladeFrameCap.FBX
  artifactKey: Guid(08b067646baffe04ea136d5357680c44) Importer(815301076,1909f56bfc062723c751e8b465ee728b)
Start importing Assets/DungeonTraps/Trap/SawBladeFrameCap.FBX using Guid(08b067646baffe04ea136d5357680c44) Importer(815301076,1909f56bfc062723c751e8b465ee728b)  -> (artifact id: '139cf1ecbaf2e4ecf0a0763c625c2721') in 0.022394 seconds
  Import took 0.024372 seconds .

========================================================================
Received Import Request.
  Time since last request: 0.000206 seconds.
  path: Assets/DungeonTraps/Trap/GreatAxeRing.FBX
  artifactKey: Guid(bab1d8e407bbb19498ba98659c7ea4af) Importer(815301076,1909f56bfc062723c751e8b465ee728b)
Start importing Assets/DungeonTraps/Trap/GreatAxeRing.FBX using Guid(bab1d8e407bbb19498ba98659c7ea4af) Importer(815301076,1909f56bfc062723c751e8b465ee728b)  -> (artifact id: 'b04ef0bcb4803a82d613d7d8ae0ae522') in 0.023141 seconds
  Import took 0.025458 seconds .

========================================================================
Received Import Request.
  Time since last request: 0.000176 seconds.
  path: Assets/DungeonTraps/Trap/Spear.FBX
  artifactKey: Guid(edebf8234a6037b40abab643812d316a) Importer(815301076,1909f56bfc062723c751e8b465ee728b)
Start importing Assets/DungeonTraps/Trap/Spear.FBX using Guid(edebf8234a6037b40abab643812d316a) Importer(815301076,1909f56bfc062723c751e8b465ee728b)  -> (artifact id: '2b695b9f5b3cda33f899b1c8fc27e5fa') in 0.023561 seconds
  Import took 0.025543 seconds .

========================================================================
Received Import Request.
  Time since last request: 0.000189 seconds.
  path: Assets/DungeonTraps/Trap/GreatAxe.FBX
  artifactKey: Guid(b9cb6abd86b0af442b58106bea0f3ebe) Importer(815301076,1909f56bfc062723c751e8b465ee728b)
Start importing Assets/DungeonTraps/Trap/GreatAxe.FBX using Guid(b9cb6abd86b0af442b58106bea0f3ebe) Importer(815301076,1909f56bfc062723c751e8b465ee728b)  -> (artifact id: '79edf0cea3b19d41ae55b0b9a95d6af3') in 0.023596 seconds
  Import took 0.025727 seconds .

========================================================================
Received Import Request.
  Time since last request: 0.000176 seconds.
  path: Assets/DungeonTraps/Trap/SpearLauncher.FBX
  artifactKey: Guid(6d1acf5ed9a24034892904fdd6c59359) Importer(815301076,1909f56bfc062723c751e8b465ee728b)
Start importing Assets/DungeonTraps/Trap/SpearLauncher.FBX using Guid(6d1acf5ed9a24034892904fdd6c59359) Importer(815301076,1909f56bfc062723c751e8b465ee728b)  -> (artifact id: 'cefc219a691e90fed99199d8505e942a') in 0.022466 seconds
  Import took 0.024548 seconds .

========================================================================
Received Import Request.
  Time since last request: 0.000210 seconds.
  path: Assets/DungeonTraps/Trap/Trap_Fire.FBX
  artifactKey: Guid(8e5464c3bc40f874a932550f5cc4fd9e) Importer(815301076,1909f56bfc062723c751e8b465ee728b)
Start importing Assets/DungeonTraps/Trap/Trap_Fire.FBX using Guid(8e5464c3bc40f874a932550f5cc4fd9e) Importer(815301076,1909f56bfc062723c751e8b465ee728b)  -> (artifact id: '87a282f59c512b93eb0abf9b6585bb38') in 0.023448 seconds
  Import took 0.025687 seconds .

========================================================================
Received Import Request.
  Time since last request: 0.000183 seconds.
  path: Assets/DungeonTraps/Trap/AxeRing.FBX
  artifactKey: Guid(67dc04eafc9ff5047a172f6abe1deb8b) Importer(815301076,1909f56bfc062723c751e8b465ee728b)
Start importing Assets/DungeonTraps/Trap/AxeRing.FBX using Guid(67dc04eafc9ff5047a172f6abe1deb8b) Importer(815301076,1909f56bfc062723c751e8b465ee728b)  -> (artifact id: 'be9d77a1351638d992d3066750c79b7b') in 0.031291 seconds
  Import took 0.033348 seconds .

========================================================================
Received Import Request.
  Time since last request: 0.000231 seconds.
  path: Assets/DungeonTraps/Trap/Shuriken02.FBX
  artifactKey: Guid(e381f218b6fc4b640bf8b7bdea5002c7) Importer(815301076,1909f56bfc062723c751e8b465ee728b)
Start importing Assets/DungeonTraps/Trap/Shuriken02.FBX using Guid(e381f218b6fc4b640bf8b7bdea5002c7) Importer(815301076,1909f56bfc062723c751e8b465ee728b)  -> (artifact id: '1397978649f45bdb978c292c21e904a6') in 0.022831 seconds
  Import took 0.025118 seconds .

========================================================================
Received Import Request.
  Time since last request: 0.000194 seconds.
  path: Assets/DungeonTraps/Trap/SawBlade.FBX
  artifactKey: Guid(e3a25d4ccafb5c740aa3c70982a173e2) Importer(815301076,1909f56bfc062723c751e8b465ee728b)
Start importing Assets/DungeonTraps/Trap/SawBlade.FBX using Guid(e3a25d4ccafb5c740aa3c70982a173e2) Importer(815301076,1909f56bfc062723c751e8b465ee728b)  -> (artifact id: '79a37636de0deb8ed26be0b19deb89f1') in 0.024456 seconds
  Import took 0.026512 seconds .

========================================================================
Received Import Request.
  Time since last request: 7.318841 seconds.
  path: Assets/DungeonTraps/Trap/Prefab
  artifactKey: Guid(c7f03aae2c438a34b842fa77aaf00a38) Importer(815301076,1909f56bfc062723c751e8b465ee728b)
Start importing Assets/DungeonTraps/Trap/Prefab using Guid(c7f03aae2c438a34b842fa77aaf00a38) Importer(815301076,1909f56bfc062723c751e8b465ee728b)  -> (artifact id: '570d6b8ccbc5e92512a05f5eb289707f') in 0.005818 seconds
  Import took 0.008119 seconds .

========================================================================
Received Import Request.
  Time since last request: 0.040603 seconds.
  path: Assets/DungeonTraps/Trap/Prefab/Pf_AxeTrap.prefab
  artifactKey: Guid(2a6a1016b6a7de34889e991f0126ce38) Importer(815301076,1909f56bfc062723c751e8b465ee728b)
Start importing Assets/DungeonTraps/Trap/Prefab/Pf_AxeTrap.prefab using Guid(2a6a1016b6a7de34889e991f0126ce38) Importer(815301076,1909f56bfc062723c751e8b465ee728b)  -> (artifact id: '114079fda16dfa7733661aa6914f815e') in 0.022077 seconds
  Import took 0.024448 seconds .

========================================================================
Received Import Request.
  Time since last request: 0.000172 seconds.
  path: Assets/DungeonTraps/Trap/Prefab/Pf_SawTrap01.prefab
  artifactKey: Guid(a5939b4c5392ebf4cad04ece1aa33190) Importer(815301076,1909f56bfc062723c751e8b465ee728b)
Start importing Assets/DungeonTraps/Trap/Prefab/Pf_SawTrap01.prefab using Guid(a5939b4c5392ebf4cad04ece1aa33190) Importer(815301076,1909f56bfc062723c751e8b465ee728b)  -> (artifact id: '6ecf9c83ebe72075ff0b1bb803f957c3') in 0.022243 seconds
  Import took 0.024355 seconds .

========================================================================
Received Import Request.
  Time since last request: 0.000226 seconds.
  path: Assets/DungeonTraps/Trap/Prefab/Pf_Trap_Fire.prefab
  artifactKey: Guid(c8dc2031dea625e46a42a7c1688cf26d) Importer(815301076,1909f56bfc062723c751e8b465ee728b)
Start importing Assets/DungeonTraps/Trap/Prefab/Pf_Trap_Fire.prefab using Guid(c8dc2031dea625e46a42a7c1688cf26d) Importer(815301076,1909f56bfc062723c751e8b465ee728b)  -> (artifact id: 'f3f2fe941187a5ed0b50766e594a2fc3') in 0.017870 seconds
  Import took 0.020065 seconds .

========================================================================
Received Import Request.
  Time since last request: 0.000188 seconds.
  path: Assets/DungeonTraps/Trap/Prefab/Pf_BladeTrap.prefab
  artifactKey: Guid(d5d36540320e5c04487d3779141d6971) Importer(815301076,1909f56bfc062723c751e8b465ee728b)
Start importing Assets/DungeonTraps/Trap/Prefab/Pf_BladeTrap.prefab using Guid(d5d36540320e5c04487d3779141d6971) Importer(815301076,1909f56bfc062723c751e8b465ee728b)  -> (artifact id: 'b8d186dd8453480e9e6323b9d56eca49') in 0.020157 seconds
  Import took 0.022222 seconds .

========================================================================
Received Import Request.
  Time since last request: 0.000213 seconds.
  path: Assets/DungeonTraps/Trap/Prefab/Pf_SpearTrap.prefab
  artifactKey: Guid(427e851e8ea40af4a9c14a042a3f35ef) Importer(815301076,1909f56bfc062723c751e8b465ee728b)
Start importing Assets/DungeonTraps/Trap/Prefab/Pf_SpearTrap.prefab using Guid(427e851e8ea40af4a9c14a042a3f35ef) Importer(815301076,1909f56bfc062723c751e8b465ee728b)  -> (artifact id: '382828511f8a939854ba884e62191b55') in 0.019983 seconds
  Import took 0.022586 seconds .

========================================================================
Received Import Request.
  Time since last request: 0.000217 seconds.
  path: Assets/DungeonTraps/Trap/Prefab/Pf_GreatAxeTrap.prefab
  artifactKey: Guid(3d0ba9093894f82429688ddeb31a11f1) Importer(815301076,1909f56bfc062723c751e8b465ee728b)
Start importing Assets/DungeonTraps/Trap/Prefab/Pf_GreatAxeTrap.prefab using Guid(3d0ba9093894f82429688ddeb31a11f1) Importer(815301076,1909f56bfc062723c751e8b465ee728b)  -> (artifact id: '3a202781882783c6a23c4fcf47ed77ab') in 0.024138 seconds
  Import took 0.026489 seconds .

========================================================================
Received Import Request.
  Time since last request: 0.000206 seconds.
  path: Assets/DungeonTraps/Trap/Prefab/Pf_Shuriken02.prefab
  artifactKey: Guid(4aa96aab3ae68a9419ef081a62b461d1) Importer(815301076,1909f56bfc062723c751e8b465ee728b)
Start importing Assets/DungeonTraps/Trap/Prefab/Pf_Shuriken02.prefab using Guid(4aa96aab3ae68a9419ef081a62b461d1) Importer(815301076,1909f56bfc062723c751e8b465ee728b)  -> (artifact id: 'ed5552dd8c1dbee88b425c1ea39f72bd') in 0.019909 seconds
  Import took 0.021959 seconds .

========================================================================
Received Import Request.
  Time since last request: 0.000201 seconds.
  path: Assets/DungeonTraps/Trap/Prefab/Pf_SawTrap02.prefab
  artifactKey: Guid(04c11f75ea6385a4eb9f4f260aba0402) Importer(815301076,1909f56bfc062723c751e8b465ee728b)
Start importing Assets/DungeonTraps/Trap/Prefab/Pf_SawTrap02.prefab using Guid(04c11f75ea6385a4eb9f4f260aba0402) Importer(815301076,1909f56bfc062723c751e8b465ee728b)  -> (artifact id: 'f5bec47a8e0b13adb372d546fb6ca445') in 0.024429 seconds
  Import took 0.026592 seconds .

========================================================================
Received Import Request.
  Time since last request: 112.760479 seconds.
  path: Assets/Dungeon Backround/Materials
  artifactKey: Guid(e5199c0a9ea6a2d429d00595dc462ca1) Importer(815301076,1909f56bfc062723c751e8b465ee728b)
Start importing Assets/Dungeon Backround/Materials using Guid(e5199c0a9ea6a2d429d00595dc462ca1) Importer(815301076,1909f56bfc062723c751e8b465ee728b)  -> (artifact id: '05af42f114d7819d9a4f0caaea6e6d4b') in 0.002183 seconds
  Import took 0.004415 seconds .

========================================================================
Received Import Request.
  Time since last request: 0.698659 seconds.
  path: Assets/Dungeon Backround/Prefabs/Simple_Wall 1.prefab
  artifactKey: Guid(e90d7cc4f1327b246ac2988b4e7a4613) Importer(815301076,1909f56bfc062723c751e8b465ee728b)
Start importing Assets/Dungeon Backround/Prefabs/Simple_Wall 1.prefab using Guid(e90d7cc4f1327b246ac2988b4e7a4613) Importer(815301076,1909f56bfc062723c751e8b465ee728b)  -> (artifact id: '97a593a93d04cf203f9ec314a63bd759') in 0.076359 seconds
  Import took 0.078966 seconds .

========================================================================
Received Prepare
Registering precompiled user dll's ...
Registered in 0.000692 seconds.
Begin MonoManager ReloadAssembly
Native extension for WindowsStandalone target not found
Native extension for OSXStandalone target not found
Native extension for WebGL target not found
Refreshing native plugins compatible for Editor in 0.29 ms, found 0 plugins.
Preloading 0 native plugins for Editor in 0.00 ms.
Mono: successfully reloaded assembly
- Completed reload, in  0.937 seconds
Platform modules already initialized, skipping
Switching build target platform(5) subTarget(0) extendedPlatform(0) -> platform(13) subTarget(537395200) extendedPlatform(0)
Refreshing native plugins compatible for Editor in 0.23 ms, found 0 plugins.
Preloading 0 native plugins for Editor in 0.00 ms.
Unloading 1263 Unused Serialized files (Serialized files now loaded: 0)
System memory in use before: 66.2 MB.
System memory in use after: 66.3 MB.

Unloading 6 unused Assets to reduce memory usage. Loaded Objects now: 1769.
Total: 1.745500 ms (FindLiveObjects: 0.182500 ms CreateObjectMapping: 0.035400 ms MarkObjects: 1.475400 ms  DeleteObjects: 0.051100 ms)

AssetImportParameters requested are different than current active one (requested -> active):
  custom:graphics/normal-map-encoding: 01000000000000000000000000000000 -> 02000000000000000000000000000000
========================================================================
Received Import Request.
  Time since last request: 257.381822 seconds.
  path: Assets/Dungeon Backround/Prefabs/Simple_Wall 1.prefab
  artifactKey: Guid(e90d7cc4f1327b246ac2988b4e7a4613) Importer(815301076,1909f56bfc062723c751e8b465ee728b)
Start importing Assets/Dungeon Backround/Prefabs/Simple_Wall 1.prefab using Guid(e90d7cc4f1327b246ac2988b4e7a4613) Importer(815301076,1909f56bfc062723c751e8b465ee728b)  -> (artifact id: 'b767cc82c98f5218ee1de73a8896171b') in 0.124579 seconds
  Import took 0.127105 seconds .

========================================================================
Received Import Request.
  Time since last request: 0.036933 seconds.
  path: Assets/Dungeon Backround/Prefabs/Simple_Wall 1.prefab
  artifactKey: Guid(e90d7cc4f1327b246ac2988b4e7a4613) Importer(815301076,1909f56bfc062723c751e8b465ee728b)
Start importing Assets/Dungeon Backround/Prefabs/Simple_Wall 1.prefab using Guid(e90d7cc4f1327b246ac2988b4e7a4613) Importer(815301076,1909f56bfc062723c751e8b465ee728b)  -> (artifact id: '1ead0df267594afa871a94b3bb793382') in 0.069091 seconds
  Import took 0.071699 seconds .

========================================================================
Received Import Request.
  Time since last request: 11.806106 seconds.
  path: Assets/Dungeon Backround/Prefabs/Simple_Wall 1.prefab
  artifactKey: Guid(e90d7cc4f1327b246ac2988b4e7a4613) Importer(815301076,1909f56bfc062723c751e8b465ee728b)
Start importing Assets/Dungeon Backround/Prefabs/Simple_Wall 1.prefab using Guid(e90d7cc4f1327b246ac2988b4e7a4613) Importer(815301076,1909f56bfc062723c751e8b465ee728b)  -> (artifact id: '14384535aa5473323e00a8b71fa02af9') in 0.069467 seconds
  Import took 0.072157 seconds .

========================================================================
Received Prepare
Registering precompiled user dll's ...
Registered in 0.000673 seconds.
Begin MonoManager ReloadAssembly
Native extension for WindowsStandalone target not found
Native extension for OSXStandalone target not found
Native extension for WebGL target not found
Refreshing native plugins compatible for Editor in 0.24 ms, found 0 plugins.
Preloading 0 native plugins for Editor in 0.00 ms.
Mono: successfully reloaded assembly
- Completed reload, in  0.959 seconds
Platform modules already initialized, skipping
Switching build target platform(5) subTarget(0) extendedPlatform(0) -> platform(13) subTarget(537395200) extendedPlatform(0)
Refreshing native plugins compatible for Editor in 0.24 ms, found 0 plugins.
Preloading 0 native plugins for Editor in 0.00 ms.
Unloading 1263 Unused Serialized files (Serialized files now loaded: 0)
System memory in use before: 66.2 MB.
System memory in use after: 66.3 MB.

Unloading 6 unused Assets to reduce memory usage. Loaded Objects now: 1773.
Total: 1.918600 ms (FindLiveObjects: 0.161500 ms CreateObjectMapping: 0.033100 ms MarkObjects: 1.664800 ms  DeleteObjects: 0.058100 ms)

AssetImportParameters requested are different than current active one (requested -> active):
  custom:graphics/normal-map-encoding: 01000000000000000000000000000000 -> 02000000000000000000000000000000
========================================================================
Received Import Request.
  Time since last request: 106.094346 seconds.
  path: Assets/Dungeon Backround/Prefabs/Simple_Wall 1.prefab
  artifactKey: Guid(e90d7cc4f1327b246ac2988b4e7a4613) Importer(815301076,1909f56bfc062723c751e8b465ee728b)
Start importing Assets/Dungeon Backround/Prefabs/Simple_Wall 1.prefab using Guid(e90d7cc4f1327b246ac2988b4e7a4613) Importer(815301076,1909f56bfc062723c751e8b465ee728b)  -> (artifact id: '13733ae5c2737ec5b124451042e4a004') in 0.128387 seconds
  Import took 0.131260 seconds .

========================================================================
Received Import Request.
  Time since last request: 13.940724 seconds.
  path: Assets/Dungeon Backround/Prefabs/Simple_Wall 1.prefab
  artifactKey: Guid(e90d7cc4f1327b246ac2988b4e7a4613) Importer(815301076,1909f56bfc062723c751e8b465ee728b)
Start importing Assets/Dungeon Backround/Prefabs/Simple_Wall 1.prefab using Guid(e90d7cc4f1327b246ac2988b4e7a4613) Importer(815301076,1909f56bfc062723c751e8b465ee728b)  -> (artifact id: '053341c06aa8a6b4f77892d552a298ee') in 0.069325 seconds
  Import took 0.071955 seconds .

========================================================================
Received Import Request.
  Time since last request: 21.709516 seconds.
  path: Assets/Dungeon Backround/Prefabs/Simple_Wall 1.prefab
  artifactKey: Guid(e90d7cc4f1327b246ac2988b4e7a4613) Importer(815301076,1909f56bfc062723c751e8b465ee728b)
Start importing Assets/Dungeon Backround/Prefabs/Simple_Wall 1.prefab using Guid(e90d7cc4f1327b246ac2988b4e7a4613) Importer(815301076,1909f56bfc062723c751e8b465ee728b)  -> (artifact id: 'fc596871e5b63ae492b401c48e94ccac') in 0.072344 seconds
  Import took 0.074995 seconds .

========================================================================
Received Import Request.
  Time since last request: 17.048147 seconds.
  path: Assets/Dungeon Backround/Prefabs/Simple_Wall 1.prefab
  artifactKey: Guid(e90d7cc4f1327b246ac2988b4e7a4613) Importer(815301076,1909f56bfc062723c751e8b465ee728b)
Start importing Assets/Dungeon Backround/Prefabs/Simple_Wall 1.prefab using Guid(e90d7cc4f1327b246ac2988b4e7a4613) Importer(815301076,1909f56bfc062723c751e8b465ee728b)  -> (artifact id: '9fc88017458b6a5c0f92779c8102360b') in 0.071381 seconds
  Import took 0.074121 seconds .

========================================================================
Received Import Request.
  Time since last request: 3.550581 seconds.
  path: Assets/Dungeon Backround/Prefabs/Simple_Wall 1.prefab
  artifactKey: Guid(e90d7cc4f1327b246ac2988b4e7a4613) Importer(815301076,1909f56bfc062723c751e8b465ee728b)
Start importing Assets/Dungeon Backround/Prefabs/Simple_Wall 1.prefab using Guid(e90d7cc4f1327b246ac2988b4e7a4613) Importer(815301076,1909f56bfc062723c751e8b465ee728b)  -> (artifact id: 'a8127f3f03fc366f618f41412ccce71c') in 0.070761 seconds
  Import took 0.073343 seconds .

========================================================================
Received Prepare
Registering precompiled user dll's ...
Registered in 0.000642 seconds.
Begin MonoManager ReloadAssembly
Native extension for WindowsStandalone target not found
Native extension for OSXStandalone target not found
Native extension for WebGL target not found
Refreshing native plugins compatible for Editor in 0.23 ms, found 0 plugins.
Preloading 0 native plugins for Editor in 0.00 ms.
Mono: successfully reloaded assembly
- Completed reload, in  0.950 seconds
Platform modules already initialized, skipping
Switching build target platform(5) subTarget(0) extendedPlatform(0) -> platform(13) subTarget(537395200) extendedPlatform(0)
Refreshing native plugins compatible for Editor in 0.23 ms, found 0 plugins.
Preloading 0 native plugins for Editor in 0.00 ms.
Unloading 1263 Unused Serialized files (Serialized files now loaded: 0)
System memory in use before: 66.4 MB.
System memory in use after: 66.4 MB.

Unloading 6 unused Assets to reduce memory usage. Loaded Objects now: 1777.
Total: 1.839400 ms (FindLiveObjects: 0.171900 ms CreateObjectMapping: 0.036700 ms MarkObjects: 1.577500 ms  DeleteObjects: 0.052200 ms)

AssetImportParameters requested are different than current active one (requested -> active):
  custom:graphics/normal-map-encoding: 01000000000000000000000000000000 -> 02000000000000000000000000000000
========================================================================
Received Import Request.
  Time since last request: 216.473582 seconds.
  path: Assets/Dungeon Backround/Prefabs/Simple_Wall 1.prefab
  artifactKey: Guid(e90d7cc4f1327b246ac2988b4e7a4613) Importer(815301076,1909f56bfc062723c751e8b465ee728b)
Start importing Assets/Dungeon Backround/Prefabs/Simple_Wall 1.prefab using Guid(e90d7cc4f1327b246ac2988b4e7a4613) Importer(815301076,1909f56bfc062723c751e8b465ee728b)  -> (artifact id: '3e34dd7a30056cb65011939e38cdf390') in 0.125033 seconds
  Import took 0.127517 seconds .

========================================================================
Received Import Request.
  Time since last request: 1.534549 seconds.
  path: Assets/Dungeon Backround/Prefabs/Simple_Wall 1.prefab
  artifactKey: Guid(e90d7cc4f1327b246ac2988b4e7a4613) Importer(815301076,1909f56bfc062723c751e8b465ee728b)
Start importing Assets/Dungeon Backround/Prefabs/Simple_Wall 1.prefab using Guid(e90d7cc4f1327b246ac2988b4e7a4613) Importer(815301076,1909f56bfc062723c751e8b465ee728b)  -> (artifact id: '3e34dd7a30056cb65011939e38cdf390') in 0.067892 seconds
  Import took 0.070609 seconds .

========================================================================
Received Prepare
Registering precompiled user dll's ...
Registered in 0.000619 seconds.
Begin MonoManager ReloadAssembly
Native extension for WindowsStandalone target not found
Native extension for OSXStandalone target not found
Native extension for WebGL target not found
Refreshing native plugins compatible for Editor in 0.22 ms, found 0 plugins.
Preloading 0 native plugins for Editor in 0.00 ms.
Mono: successfully reloaded assembly
- Completed reload, in  0.941 seconds
Platform modules already initialized, skipping
Switching build target platform(5) subTarget(0) extendedPlatform(0) -> platform(13) subTarget(537395200) extendedPlatform(0)
Refreshing native plugins compatible for Editor in 0.23 ms, found 0 plugins.
Preloading 0 native plugins for Editor in 0.00 ms.
Unloading 1263 Unused Serialized files (Serialized files now loaded: 0)
System memory in use before: 66.4 MB.
System memory in use after: 66.4 MB.

Unloading 6 unused Assets to reduce memory usage. Loaded Objects now: 1781.
Total: 1.715000 ms (FindLiveObjects: 0.145600 ms CreateObjectMapping: 0.033400 ms MarkObjects: 1.486100 ms  DeleteObjects: 0.048700 ms)

AssetImportParameters requested are different than current active one (requested -> active):
  custom:graphics/normal-map-encoding: 01000000000000000000000000000000 -> 02000000000000000000000000000000
========================================================================
Received Import Request.
  Time since last request: 109.603149 seconds.
  path: Assets/Dungeon Backround/Prefabs/Simple_Wall_WithBlade.prefab
  artifactKey: Guid(e90d7cc4f1327b246ac2988b4e7a4613) Importer(815301076,1909f56bfc062723c751e8b465ee728b)
Start importing Assets/Dungeon Backround/Prefabs/Simple_Wall_WithBlade.prefab using Guid(e90d7cc4f1327b246ac2988b4e7a4613) Importer(815301076,1909f56bfc062723c751e8b465ee728b)  -> (artifact id: '1219f0923f9244ea0f67f1b1b97a5bd9') in 0.123729 seconds
  Import took 0.126273 seconds .

========================================================================
Received Import Request.
  Time since last request: 2.414824 seconds.
  path: Assets/Dungeon Backround/Prefabs/Simple_Wall 1.prefab
  artifactKey: Guid(9d1c984c06f94f84fb797f89468805bd) Importer(815301076,1909f56bfc062723c751e8b465ee728b)
Start importing Assets/Dungeon Backround/Prefabs/Simple_Wall 1.prefab using Guid(9d1c984c06f94f84fb797f89468805bd) Importer(815301076,1909f56bfc062723c751e8b465ee728b)  -> (artifact id: '21b829ceb9051b61c361cbe38c058d84') in 0.058876 seconds
  Import took 0.061179 seconds .

========================================================================
Received Import Request.
  Time since last request: 197.119900 seconds.
  path: Assets/Dungeon Backround/Prefabs/Simple_Wall 1.prefab
  artifactKey: Guid(9d1c984c06f94f84fb797f89468805bd) Importer(815301076,1909f56bfc062723c751e8b465ee728b)
Start importing Assets/Dungeon Backround/Prefabs/Simple_Wall 1.prefab using Guid(9d1c984c06f94f84fb797f89468805bd) Importer(815301076,1909f56bfc062723c751e8b465ee728b)  -> (artifact id: '963d9bb90939f9171a023aa957115732') in 0.069787 seconds
  Import took 0.072383 seconds .

========================================================================
Received Import Request.
  Time since last request: 36.005408 seconds.
  path: Assets/Dungeon Backround/Prefabs/Simple_Wall_WithBlades2.prefab
  artifactKey: Guid(9d1c984c06f94f84fb797f89468805bd) Importer(815301076,1909f56bfc062723c751e8b465ee728b)
Start importing Assets/Dungeon Backround/Prefabs/Simple_Wall_WithBlades2.prefab using Guid(9d1c984c06f94f84fb797f89468805bd) Importer(815301076,1909f56bfc062723c751e8b465ee728b)  -> (artifact id: '1d0d5822f0516dec9a214d6b334a3ad7') in 0.070296 seconds
  Import took 0.072790 seconds .

========================================================================
Received Import Request.
  Time since last request: 18.765063 seconds.
  path: Assets/Dungeon Backround/Prefabs/Simple_Wall_WithBlades2 1.prefab
  artifactKey: Guid(f5b314ea08cf0154191f988c3376e2ce) Importer(815301076,1909f56bfc062723c751e8b465ee728b)
Start importing Assets/Dungeon Backround/Prefabs/Simple_Wall_WithBlades2 1.prefab using Guid(f5b314ea08cf0154191f988c3376e2ce) Importer(815301076,1909f56bfc062723c751e8b465ee728b)  -> (artifact id: '8c46b292291f752c3fca80012e58bb41') in 0.072656 seconds
  Import took 0.075108 seconds .

========================================================================
Received Import Request.
  Time since last request: 22.154652 seconds.
  path: Assets/Dungeon Backround/Prefabs/Simple_Wall_Axe.prefab
  artifactKey: Guid(f5b314ea08cf0154191f988c3376e2ce) Importer(815301076,1909f56bfc062723c751e8b465ee728b)
Start importing Assets/Dungeon Backround/Prefabs/Simple_Wall_Axe.prefab using Guid(f5b314ea08cf0154191f988c3376e2ce) Importer(815301076,1909f56bfc062723c751e8b465ee728b)  -> (artifact id: 'b28cf20a50f28da70fc48d42615b36c1') in 0.069824 seconds
  Import took 0.072402 seconds .

========================================================================
Received Import Request.
  Time since last request: 9.380304 seconds.
  path: Assets/Dungeon Backround/Prefabs/Simple_Wall_Axe.prefab
  artifactKey: Guid(f5b314ea08cf0154191f988c3376e2ce) Importer(815301076,1909f56bfc062723c751e8b465ee728b)
Start importing Assets/Dungeon Backround/Prefabs/Simple_Wall_Axe.prefab using Guid(f5b314ea08cf0154191f988c3376e2ce) Importer(815301076,1909f56bfc062723c751e8b465ee728b)  -> (artifact id: 'e6cd9894bee0d136fa33039d4f3de1e3') in 0.057047 seconds
  Import took 0.059411 seconds .

========================================================================
Received Import Request.
  Time since last request: 198.814217 seconds.
  path: Assets/Dungeon Backround/Prefabs/Simple_Wall_Axe.prefab
  artifactKey: Guid(f5b314ea08cf0154191f988c3376e2ce) Importer(815301076,1909f56bfc062723c751e8b465ee728b)
Start importing Assets/Dungeon Backround/Prefabs/Simple_Wall_Axe.prefab using Guid(f5b314ea08cf0154191f988c3376e2ce) Importer(815301076,1909f56bfc062723c751e8b465ee728b)  -> (artifact id: '7151349b514cdca64bb86e38c955d191') in 0.070301 seconds
  Import took 0.072852 seconds .

========================================================================
Received Import Request.
  Time since last request: 94.363445 seconds.
  path: Assets/Dungeon Backround/Prefabs/Simple_Wall_WithBlades2 1.prefab
  artifactKey: Guid(be667df1a80bfe04fa1a9fdcb759eb86) Importer(815301076,1909f56bfc062723c751e8b465ee728b)
Start importing Assets/Dungeon Backround/Prefabs/Simple_Wall_WithBlades2 1.prefab using Guid(be667df1a80bfe04fa1a9fdcb759eb86) Importer(815301076,1909f56bfc062723c751e8b465ee728b)  -> (artifact id: 'a375b3bcd89ce54571f8bc621ee47e18') in 0.073663 seconds
  Import took 0.076191 seconds .

========================================================================
Received Import Request.
  Time since last request: 47.142501 seconds.
  path: Assets/Dungeon Backround/Prefabs/Simple_Wall_WithBlades2 1.prefab
  artifactKey: Guid(be667df1a80bfe04fa1a9fdcb759eb86) Importer(815301076,1909f56bfc062723c751e8b465ee728b)
Start importing Assets/Dungeon Backround/Prefabs/Simple_Wall_WithBlades2 1.prefab using Guid(be667df1a80bfe04fa1a9fdcb759eb86) Importer(815301076,1909f56bfc062723c751e8b465ee728b)  -> (artifact id: 'cac16c3df9ef01a9eb724071e1a83eb4') in 0.059726 seconds
  Import took 0.062317 seconds .

========================================================================
Received Import Request.
  Time since last request: 21.665790 seconds.
  path: Assets/Materials
  artifactKey: Guid(204b5558a51b8e749af07b8abd623c9b) Importer(815301076,1909f56bfc062723c751e8b465ee728b)
Start importing Assets/Materials using Guid(204b5558a51b8e749af07b8abd623c9b) Importer(815301076,1909f56bfc062723c751e8b465ee728b)  -> (artifact id: '97daa0c944f7ef0c62a41db9c6bb1a5e') in 0.001891 seconds
  Import took 0.004183 seconds .

========================================================================
Received Import Request.
  Time since last request: 70.446969 seconds.
  path: Assets/Dungeon Backround/Prefabs/Simple_Wall_WithBlades2 1.prefab
  artifactKey: Guid(be667df1a80bfe04fa1a9fdcb759eb86) Importer(815301076,1909f56bfc062723c751e8b465ee728b)
Start importing Assets/Dungeon Backround/Prefabs/Simple_Wall_WithBlades2 1.prefab using Guid(be667df1a80bfe04fa1a9fdcb759eb86) Importer(815301076,1909f56bfc062723c751e8b465ee728b)  -> (artifact id: '19450ff957e39f98b93e4c72d806b8c9') in 0.073151 seconds
  Import took 0.075754 seconds .

========================================================================
Received Import Request.
  Time since last request: 18.324636 seconds.
  path: Assets/Dungeon Backround/Prefabs/Simple_Wall_WithCapa.prefab
  artifactKey: Guid(be667df1a80bfe04fa1a9fdcb759eb86) Importer(815301076,1909f56bfc062723c751e8b465ee728b)
Start importing Assets/Dungeon Backround/Prefabs/Simple_Wall_WithCapa.prefab using Guid(be667df1a80bfe04fa1a9fdcb759eb86) Importer(815301076,1909f56bfc062723c751e8b465ee728b)  -> (artifact id: 'a683f5096713c57d180956ab0f790365') in 0.071059 seconds
  Import took 0.073576 seconds .

========================================================================
Received Import Request.
  Time since last request: 91.747966 seconds.
  path: Assets/Dungeon Backround/Prefabs/Simple_Wall.prefab
  artifactKey: Guid(8bfd6a7d4f362de4684d31fe2ef6b680) Importer(815301076,1909f56bfc062723c751e8b465ee728b)
Start importing Assets/Dungeon Backround/Prefabs/Simple_Wall.prefab using Guid(8bfd6a7d4f362de4684d31fe2ef6b680) Importer(815301076,1909f56bfc062723c751e8b465ee728b)  -> (artifact id: '56ce10ed992bab91cb3453a5154a1697') in 0.058271 seconds
  Import took 0.060771 seconds .

========================================================================
Received Import Request.
  Time since last request: 55.469353 seconds.
  path: Assets/Dungeon Backround/Prefabs/Simple_Wall_Axe.prefab
  artifactKey: Guid(f5b314ea08cf0154191f988c3376e2ce) Importer(815301076,1909f56bfc062723c751e8b465ee728b)
Start importing Assets/Dungeon Backround/Prefabs/Simple_Wall_Axe.prefab using Guid(f5b314ea08cf0154191f988c3376e2ce) Importer(815301076,1909f56bfc062723c751e8b465ee728b)  -> (artifact id: '99ed10eef48743f61ba0a2ea745ecfd6') in 0.071075 seconds
  Import took 0.073731 seconds .

========================================================================
Received Import Request.
  Time since last request: 18.932674 seconds.
  path: Assets/Dungeon Backround/Prefabs/Fall_Wall.prefab
  artifactKey: Guid(4b080d8b455563c4f968160966d56fae) Importer(815301076,1909f56bfc062723c751e8b465ee728b)
Start importing Assets/Dungeon Backround/Prefabs/Fall_Wall.prefab using Guid(4b080d8b455563c4f968160966d56fae) Importer(815301076,1909f56bfc062723c751e8b465ee728b)  -> (artifact id: 'd3472181866851114322939a538a8a98') in 0.059138 seconds
  Import took 0.061601 seconds .

========================================================================
Received Import Request.
  Time since last request: 8.075284 seconds.
  path: Assets/Dungeon Backround/Prefabs/Simple_Wall_WithBlade.prefab
  artifactKey: Guid(e90d7cc4f1327b246ac2988b4e7a4613) Importer(815301076,1909f56bfc062723c751e8b465ee728b)
Start importing Assets/Dungeon Backround/Prefabs/Simple_Wall_WithBlade.prefab using Guid(e90d7cc4f1327b246ac2988b4e7a4613) Importer(815301076,1909f56bfc062723c751e8b465ee728b)  -> (artifact id: '040c2ecb08f37b03f7f6d537445470bc') in 0.066455 seconds
  Import took 0.069060 seconds .

========================================================================
Received Import Request.
  Time since last request: 8.644123 seconds.
  path: Assets/Dungeon Backround/Prefabs/Simple_Wall_WithBlades2.prefab
  artifactKey: Guid(9d1c984c06f94f84fb797f89468805bd) Importer(815301076,1909f56bfc062723c751e8b465ee728b)
Start importing Assets/Dungeon Backround/Prefabs/Simple_Wall_WithBlades2.prefab using Guid(9d1c984c06f94f84fb797f89468805bd) Importer(815301076,1909f56bfc062723c751e8b465ee728b)  -> (artifact id: 'dadb937589ca9cfc2a92d2386dbcf80a') in 0.075781 seconds
  Import took 0.078335 seconds .

========================================================================
Received Import Request.
  Time since last request: 0.009555 seconds.
  path: Assets/Dungeon Backround/Prefabs/Simple_Wall_WithBlades2.prefab
  artifactKey: Guid(9d1c984c06f94f84fb797f89468805bd) Importer(815301076,1909f56bfc062723c751e8b465ee728b)
Start importing Assets/Dungeon Backround/Prefabs/Simple_Wall_WithBlades2.prefab using Guid(9d1c984c06f94f84fb797f89468805bd) Importer(815301076,1909f56bfc062723c751e8b465ee728b)  -> (artifact id: 'dadb937589ca9cfc2a92d2386dbcf80a') in 0.069975 seconds
  Import took 0.072492 seconds .

========================================================================
Received Import Request.
  Time since last request: 4.311928 seconds.
  path: Assets/Dungeon Backround/Prefabs/Simple_Wall_WithCapa.prefab
  artifactKey: Guid(be667df1a80bfe04fa1a9fdcb759eb86) Importer(815301076,1909f56bfc062723c751e8b465ee728b)
Start importing Assets/Dungeon Backround/Prefabs/Simple_Wall_WithCapa.prefab using Guid(be667df1a80bfe04fa1a9fdcb759eb86) Importer(815301076,1909f56bfc062723c751e8b465ee728b)  -> (artifact id: '936f926f2472ed855060c87e3fae032b') in 0.071752 seconds
  Import took 0.074408 seconds .

========================================================================
Received Import Request.
  Time since last request: 351.990548 seconds.
  path: Assets/Dungeon Backround/Prefabs/Simple_Wall.prefab
  artifactKey: Guid(8bfd6a7d4f362de4684d31fe2ef6b680) Importer(815301076,1909f56bfc062723c751e8b465ee728b)
Start importing Assets/Dungeon Backround/Prefabs/Simple_Wall.prefab using Guid(8bfd6a7d4f362de4684d31fe2ef6b680) Importer(815301076,1909f56bfc062723c751e8b465ee728b)  -> (artifact id: '077ac20b910ee3148c6309e2ab61dead') in 0.059837 seconds
  Import took 0.062373 seconds .

========================================================================
Received Import Request.
  Time since last request: 39.120636 seconds.
  path: Assets/Dungeon Backround/Prefabs/Fall_Wall.prefab
  artifactKey: Guid(4b080d8b455563c4f968160966d56fae) Importer(815301076,1909f56bfc062723c751e8b465ee728b)
Start importing Assets/Dungeon Backround/Prefabs/Fall_Wall.prefab using Guid(4b080d8b455563c4f968160966d56fae) Importer(815301076,1909f56bfc062723c751e8b465ee728b)  -> (artifact id: '4ae223a8109a0fabf58881872a389c90') in 0.059964 seconds
  Import took 0.062440 seconds .

========================================================================
Received Import Request.
  Time since last request: 13.598164 seconds.
  path: Assets/Dungeon Backround/Prefabs/Simple_Wall_Axe.prefab
  artifactKey: Guid(f5b314ea08cf0154191f988c3376e2ce) Importer(815301076,1909f56bfc062723c751e8b465ee728b)
Start importing Assets/Dungeon Backround/Prefabs/Simple_Wall_Axe.prefab using Guid(f5b314ea08cf0154191f988c3376e2ce) Importer(815301076,1909f56bfc062723c751e8b465ee728b)  -> (artifact id: 'e8c743c49412b857bca19ea3163d4a3e') in 0.070993 seconds
  Import took 0.073556 seconds .

========================================================================
Received Import Request.
  Time since last request: 14.641959 seconds.
  path: Assets/Dungeon Backround/Prefabs/Simple_Wall_WithBlade.prefab
  artifactKey: Guid(e90d7cc4f1327b246ac2988b4e7a4613) Importer(815301076,1909f56bfc062723c751e8b465ee728b)
Start importing Assets/Dungeon Backround/Prefabs/Simple_Wall_WithBlade.prefab using Guid(e90d7cc4f1327b246ac2988b4e7a4613) Importer(815301076,1909f56bfc062723c751e8b465ee728b)  -> (artifact id: 'dec07a7068d3ca162ade821c8ac2170f') in 0.067510 seconds
  Import took 0.070218 seconds .

========================================================================
Received Import Request.
  Time since last request: 19.165970 seconds.
  path: Assets/Dungeon Backround/Prefabs/Simple_Wall_WithBlades2.prefab
  artifactKey: Guid(9d1c984c06f94f84fb797f89468805bd) Importer(815301076,1909f56bfc062723c751e8b465ee728b)
Start importing Assets/Dungeon Backround/Prefabs/Simple_Wall_WithBlades2.prefab using Guid(9d1c984c06f94f84fb797f89468805bd) Importer(815301076,1909f56bfc062723c751e8b465ee728b)  -> (artifact id: '20095d81151df8fd0443f9d134a34f24') in 0.069420 seconds
  Import took 0.071951 seconds .

========================================================================
Received Import Request.
  Time since last request: 11.016253 seconds.
  path: Assets/Dungeon Backround/Prefabs/Simple_Wall_WithCapa.prefab
  artifactKey: Guid(be667df1a80bfe04fa1a9fdcb759eb86) Importer(815301076,1909f56bfc062723c751e8b465ee728b)
Start importing Assets/Dungeon Backround/Prefabs/Simple_Wall_WithCapa.prefab using Guid(be667df1a80bfe04fa1a9fdcb759eb86) Importer(815301076,1909f56bfc062723c751e8b465ee728b)  -> (artifact id: '856e87702a4cbe5d381395a5c60cac42') in 0.070889 seconds
  Import took 0.073523 seconds .

========================================================================
Received Import Request.
  Time since last request: 361.523440 seconds.
  path: Assets/Dreamteck
  artifactKey: Guid(391e09bc400c83c4295745297eef76f0) Importer(815301076,1909f56bfc062723c751e8b465ee728b)
Start importing Assets/Dreamteck using Guid(391e09bc400c83c4295745297eef76f0) Importer(815301076,1909f56bfc062723c751e8b465ee728b)  -> (artifact id: 'dcc90ccfdef97e3f28b9f11bcd537b66') in 0.008017 seconds
  Import took 0.010427 seconds .

========================================================================
Received Import Request.
  Time since last request: 1.173599 seconds.
  path: Assets/Dreamteck/Forever
  artifactKey: Guid(2b6565e20a36da841bb1e9522c009b6b) Importer(815301076,1909f56bfc062723c751e8b465ee728b)
Start importing Assets/Dreamteck/Forever using Guid(2b6565e20a36da841bb1e9522c009b6b) Importer(815301076,1909f56bfc062723c751e8b465ee728b)  -> (artifact id: 'ad6f196ab92adbd989481e7386adf224') in 0.005576 seconds
  Import took 0.007781 seconds .

========================================================================
Received Import Request.
  Time since last request: 1.440182 seconds.
  path: Assets/Dreamteck/Forever/Level Generator
  artifactKey: Guid(99bc481a6a74b344d80ed69703cc9116) Importer(815301076,1909f56bfc062723c751e8b465ee728b)
Start importing Assets/Dreamteck/Forever/Level Generator using Guid(99bc481a6a74b344d80ed69703cc9116) Importer(815301076,1909f56bfc062723c751e8b465ee728b)  -> (artifact id: '44461e0b778e7d1bb0434521bf8737aa') in 0.005927 seconds
  Import took 0.008190 seconds .

========================================================================
Received Import Request.
  Time since last request: 39.122635 seconds.
  path: Assets/Dreamteck/Forever/Level Generator/Path Generation
  artifactKey: Guid(995f4fd846800b842a2769a37d7cbb58) Importer(815301076,1909f56bfc062723c751e8b465ee728b)
Start importing Assets/Dreamteck/Forever/Level Generator/Path Generation using Guid(995f4fd846800b842a2769a37d7cbb58) Importer(815301076,1909f56bfc062723c751e8b465ee728b)  -> (artifact id: '6b49939189937d33df2cde0029377aa3') in 0.007714 seconds
  Import took 0.010040 seconds .

========================================================================
Received Import Request.
  Time since last request: 0.828715 seconds.
  path: Assets/Dreamteck/Forever/Level Generator/Path Generation/Custom Rules
  artifactKey: Guid(4003a9a537d527d4ab70f2cbb1a6f70b) Importer(815301076,1909f56bfc062723c751e8b465ee728b)
Start importing Assets/Dreamteck/Forever/Level Generator/Path Generation/Custom Rules using Guid(4003a9a537d527d4ab70f2cbb1a6f70b) Importer(815301076,1909f56bfc062723c751e8b465ee728b)  -> (artifact id: 'e731801be1b75bf97b512fc95d636ff2') in 0.021144 seconds
  Import took 0.023513 seconds .

AssetImportWorkerClient::OnTransportError - code=2 error=End of file
